0 verbose cli /Users/nikitabushuev/.nvm/versions/node/v20.19.4/bin/node /Users/nikitabushuev/.nvm/versions/node/v20.19.4/bin/npm
1 info using npm@10.8.2
2 info using node@v20.19.4
3 silly config load:file:/Users/nikitabushuev/.nvm/versions/node/v20.19.4/lib/node_modules/npm/npmrc
4 silly config load:file:/Users/nikitabushuev/WebstormProjects/ReactNativeDebtor/.npmrc
5 silly config load:file:/Users/nikitabushuev/.npmrc
6 silly config load:file:/Users/nikitabushuev/.nvm/versions/node/v20.19.4/etc/npmrc
7 verbose title npm install react-dom@19.1.0 react-native-web@^0.21.0
8 verbose argv "install" "react-dom@19.1.0" "react-native-web@^0.21.0" "--cache" ".tmp/npm-cache"
9 verbose logfile logs-max:10 dir:/Users/nikitabushuev/WebstormProjects/ReactNativeDebtor/.tmp/npm-cache/_logs/2026-06-02T14_57_57_649Z-
10 verbose logfile /Users/nikitabushuev/WebstormProjects/ReactNativeDebtor/.tmp/npm-cache/_logs/2026-06-02T14_57_57_649Z-debug-0.log
11 silly packumentCache heap:4345298944 maxSize:1086324736 maxEntrySize:543162368
12 silly logfile done cleaning log files
13 silly idealTree buildDeps
14 silly fetch manifest react-dom@19.1.0
15 silly packumentCache full:https://registry.npmjs.org/react-dom cache-miss
16 http fetch GET 200 https://registry.npmjs.org/react-dom 587ms (cache revalidated)
17 silly packumentCache full:https://registry.npmjs.org/react-dom set size:8915576 disposed:false
18 silly fetch manifest react@19.1.0
19 silly packumentCache full:https://registry.npmjs.org/react cache-miss
20 http fetch GET 200 https://registry.npmjs.org/react 90ms (cache revalidated)
21 silly packumentCache full:https://registry.npmjs.org/react set size:6679468 disposed:false
22 silly fetch manifest react-native-web@^0.21.0
23 silly packumentCache full:https://registry.npmjs.org/react-native-web cache-miss
24 http fetch GET 200 https://registry.npmjs.org/react-native-web 418ms (cache miss)
25 silly packumentCache full:https://registry.npmjs.org/react-native-web set size:undefined disposed:false
26 silly placeDep ROOT react-dom@19.1.0 OK for: react-native-debtor@1.0.0 want: 19.1.0
27 silly placeDep ROOT react-native-web@0.21.2 OK for: react-native-debtor@1.0.0 want: ^0.21.0
28 silly fetch manifest @react-native/normalize-colors@^0.74.1
29 silly packumentCache full:https://registry.npmjs.org/@react-native%2fnormalize-colors cache-miss
30 silly fetch manifest fbjs@^3.0.4
31 silly packumentCache full:https://registry.npmjs.org/fbjs cache-miss
32 silly fetch manifest inline-style-prefixer@^7.0.1
33 silly packumentCache full:https://registry.npmjs.org/inline-style-prefixer cache-miss
34 silly fetch manifest memoize-one@^6.0.0
35 silly packumentCache full:https://registry.npmjs.org/memoize-one cache-miss
36 silly fetch manifest postcss-value-parser@^4.2.0
37 silly packumentCache full:https://registry.npmjs.org/postcss-value-parser cache-miss
38 silly fetch manifest styleq@^0.1.3
39 silly packumentCache full:https://registry.npmjs.org/styleq cache-miss
40 http fetch GET 200 https://registry.npmjs.org/postcss-value-parser 155ms (cache miss)
41 silly packumentCache full:https://registry.npmjs.org/postcss-value-parser set size:undefined disposed:false
42 http fetch GET 200 https://registry.npmjs.org/styleq 441ms (cache miss)
43 silly packumentCache full:https://registry.npmjs.org/styleq set size:undefined disposed:false
44 http fetch GET 200 https://registry.npmjs.org/fbjs 458ms (cache miss)
45 silly packumentCache full:https://registry.npmjs.org/fbjs set size:undefined disposed:false
46 http fetch GET 200 https://registry.npmjs.org/memoize-one 468ms (cache miss)
47 silly packumentCache full:https://registry.npmjs.org/memoize-one set size:undefined disposed:false
48 http fetch GET 200 https://registry.npmjs.org/inline-style-prefixer 492ms (cache miss)
49 silly packumentCache full:https://registry.npmjs.org/inline-style-prefixer set size:undefined disposed:false
50 http fetch GET 200 https://registry.npmjs.org/@react-native%2fnormalize-colors 830ms (cache miss)
51 silly packumentCache full:https://registry.npmjs.org/@react-native%2fnormalize-colors set size:undefined disposed:false
52 silly placeDep node_modules/react-native-web @react-native/normalize-colors@0.74.89 OK for: react-native-web@0.21.2 want: ^0.74.1
53 silly placeDep ROOT fbjs@3.0.5 OK for: react-native-web@0.21.2 want: ^3.0.4
54 silly placeDep ROOT inline-style-prefixer@7.0.1 OK for: react-native-web@0.21.2 want: ^7.0.1
55 silly placeDep node_modules/react-native-web memoize-one@6.0.0 OK for: react-native-web@0.21.2 want: ^6.0.0
56 silly placeDep ROOT postcss-value-parser@4.2.0 OK for: react-native-web@0.21.2 want: ^4.2.0
57 silly placeDep ROOT styleq@0.1.3 OK for: react-native-web@0.21.2 want: ^0.1.3
58 silly fetch manifest cross-fetch@^3.1.5
59 silly packumentCache full:https://registry.npmjs.org/cross-fetch cache-miss
60 silly fetch manifest fbjs-css-vars@^1.0.0
61 silly packumentCache full:https://registry.npmjs.org/fbjs-css-vars cache-miss
62 silly fetch manifest promise@^7.1.1
63 silly packumentCache full:https://registry.npmjs.org/promise cache-miss
64 silly fetch manifest setimmediate@^1.0.5
65 silly packumentCache full:https://registry.npmjs.org/setimmediate cache-miss
66 silly fetch manifest ua-parser-js@^1.0.35
67 silly packumentCache full:https://registry.npmjs.org/ua-parser-js cache-miss
68 silly fetch manifest css-in-js-utils@^3.1.0
69 silly packumentCache full:https://registry.npmjs.org/css-in-js-utils cache-miss
70 http fetch GET 200 https://registry.npmjs.org/setimmediate 48ms (cache miss)
71 silly packumentCache full:https://registry.npmjs.org/setimmediate set size:undefined disposed:false
72 http fetch GET 200 https://registry.npmjs.org/fbjs-css-vars 334ms (cache miss)
73 silly packumentCache full:https://registry.npmjs.org/fbjs-css-vars set size:undefined disposed:false
74 http fetch GET 200 https://registry.npmjs.org/css-in-js-utils 341ms (cache miss)
75 silly packumentCache full:https://registry.npmjs.org/css-in-js-utils set size:undefined disposed:false
76 http fetch GET 200 https://registry.npmjs.org/cross-fetch 363ms (cache miss)
77 silly packumentCache full:https://registry.npmjs.org/cross-fetch set size:undefined disposed:false
78 http fetch GET 200 https://registry.npmjs.org/promise 375ms (cache miss)
79 silly packumentCache full:https://registry.npmjs.org/promise set size:undefined disposed:false
80 http fetch GET 200 https://registry.npmjs.org/ua-parser-js 378ms (cache miss)
81 silly packumentCache full:https://registry.npmjs.org/ua-parser-js set size:undefined disposed:false
82 silly placeDep ROOT cross-fetch@3.2.0 OK for: fbjs@3.0.5 want: ^3.1.5
83 silly placeDep ROOT fbjs-css-vars@1.0.2 OK for: fbjs@3.0.5 want: ^1.0.0
84 silly placeDep node_modules/fbjs promise@7.3.1 OK for: fbjs@3.0.5 want: ^7.1.1
85 silly placeDep ROOT setimmediate@1.0.5 OK for: fbjs@3.0.5 want: ^1.0.5
86 silly placeDep ROOT ua-parser-js@1.0.41 OK for: fbjs@3.0.5 want: ^1.0.35
87 silly fetch manifest node-fetch@^2.7.0
88 silly packumentCache full:https://registry.npmjs.org/node-fetch cache-miss
89 http fetch GET 200 https://registry.npmjs.org/node-fetch 377ms (cache miss)
90 silly packumentCache full:https://registry.npmjs.org/node-fetch set size:undefined disposed:false
91 silly fetch manifest encoding@^0.1.0
92 silly packumentCache full:https://registry.npmjs.org/encoding cache-miss
93 http fetch GET 200 https://registry.npmjs.org/encoding 330ms (cache miss)
94 silly packumentCache full:https://registry.npmjs.org/encoding set size:undefined disposed:false
95 silly placeDep ROOT node-fetch@2.7.0 OK for: cross-fetch@3.2.0 want: ^2.7.0
96 silly fetch manifest whatwg-url@^5.0.0
97 silly packumentCache full:https://registry.npmjs.org/whatwg-url cache-miss
98 http fetch GET 200 https://registry.npmjs.org/whatwg-url 367ms (cache miss)
99 silly packumentCache full:https://registry.npmjs.org/whatwg-url set size:undefined disposed:false
100 silly placeDep ROOT css-in-js-utils@3.1.0 OK for: inline-style-prefixer@7.0.1 want: ^3.1.0
101 silly fetch manifest hyphenate-style-name@^1.0.3
102 silly packumentCache full:https://registry.npmjs.org/hyphenate-style-name cache-miss
103 http fetch GET 200 https://registry.npmjs.org/hyphenate-style-name 375ms (cache miss)
104 silly packumentCache full:https://registry.npmjs.org/hyphenate-style-name set size:undefined disposed:false
105 silly placeDep ROOT hyphenate-style-name@1.1.0 OK for: css-in-js-utils@3.1.0 want: ^1.0.3
106 silly placeDep ROOT whatwg-url@5.0.0 OK for: node-fetch@2.7.0 want: ^5.0.0
107 silly fetch manifest tr46@~0.0.3
108 silly packumentCache full:https://registry.npmjs.org/tr46 cache-miss
109 silly fetch manifest webidl-conversions@^3.0.0
110 silly packumentCache full:https://registry.npmjs.org/webidl-conversions cache-miss
111 http fetch GET 200 https://registry.npmjs.org/tr46 115ms (cache miss)
112 silly packumentCache full:https://registry.npmjs.org/tr46 set size:undefined disposed:false
113 http fetch GET 200 https://registry.npmjs.org/webidl-conversions 347ms (cache miss)
114 silly packumentCache full:https://registry.npmjs.org/webidl-conversions set size:undefined disposed:false
115 silly placeDep ROOT tr46@0.0.3 OK for: whatwg-url@5.0.0 want: ~0.0.3
116 silly placeDep node_modules/whatwg-url webidl-conversions@3.0.1 OK for: whatwg-url@5.0.0 want: ^3.0.0
117 silly reify moves {}
118 silly audit bulk request {
118 silly audit   '@0no-co/graphql.web': [ '1.2.0' ],
118 silly audit   '@babel/code-frame': [ '7.10.4', '7.29.7' ],
118 silly audit   '@babel/compat-data': [ '7.29.7' ],
118 silly audit   '@babel/core': [ '7.29.7' ],
118 silly audit   semver: [ '6.3.1', '7.8.1' ],
118 silly audit   '@babel/generator': [ '7.29.7' ],
118 silly audit   '@babel/helper-annotate-as-pure': [ '7.29.7' ],
118 silly audit   '@babel/helper-compilation-targets': [ '7.29.7' ],
118 silly audit   '@babel/helper-create-class-features-plugin': [ '7.29.7' ],
118 silly audit   '@babel/helper-create-regexp-features-plugin': [ '7.29.7' ],
118 silly audit   '@babel/helper-define-polyfill-provider': [ '0.6.8' ],
118 silly audit   '@babel/helper-globals': [ '7.29.7' ],
118 silly audit   '@babel/helper-member-expression-to-functions': [ '7.29.7' ],
118 silly audit   '@babel/helper-module-imports': [ '7.29.7' ],
118 silly audit   '@babel/helper-module-transforms': [ '7.29.7' ],
118 silly audit   '@babel/helper-optimise-call-expression': [ '7.29.7' ],
118 silly audit   '@babel/helper-plugin-utils': [ '7.29.7' ],
118 silly audit   '@babel/helper-remap-async-to-generator': [ '7.29.7' ],
118 silly audit   '@babel/helper-replace-supers': [ '7.29.7' ],
118 silly audit   '@babel/helper-skip-transparent-expression-wrappers': [ '7.29.7' ],
118 silly audit   '@babel/helper-string-parser': [ '7.29.7' ],
118 silly audit   '@babel/helper-validator-identifier': [ '7.29.7' ],
118 silly audit   '@babel/helper-validator-option': [ '7.29.7' ],
118 silly audit   '@babel/helper-wrap-function': [ '7.29.7' ],
118 silly audit   '@babel/helpers': [ '7.29.7' ],
118 silly audit   '@babel/highlight': [ '7.25.9' ],
118 silly audit   '@babel/parser': [ '7.29.7' ],
118 silly audit   '@babel/plugin-proposal-decorators': [ '7.29.7' ],
118 silly audit   '@babel/plugin-proposal-export-default-from': [ '7.29.7' ],
118 silly audit   '@babel/plugin-syntax-async-generators': [ '7.8.4' ],
118 silly audit   '@babel/plugin-syntax-bigint': [ '7.8.3' ],
118 silly audit   '@babel/plugin-syntax-class-properties': [ '7.12.13' ],
118 silly audit   '@babel/plugin-syntax-class-static-block': [ '7.14.5' ],
118 silly audit   '@babel/plugin-syntax-decorators': [ '7.29.7' ],
118 silly audit   '@babel/plugin-syntax-dynamic-import': [ '7.8.3' ],
118 silly audit   '@babel/plugin-syntax-export-default-from': [ '7.29.7' ],
118 silly audit   '@babel/plugin-syntax-flow': [ '7.29.7' ],
118 silly audit   '@babel/plugin-syntax-import-attributes': [ '7.29.7' ],
118 silly audit   '@babel/plugin-syntax-import-meta': [ '7.10.4' ],
118 silly audit   '@babel/plugin-syntax-json-strings': [ '7.8.3' ],
118 silly audit   '@babel/plugin-syntax-jsx': [ '7.29.7' ],
118 silly audit   '@babel/plugin-syntax-logical-assignment-operators': [ '7.10.4' ],
118 silly audit   '@babel/plugin-syntax-nullish-coalescing-operator': [ '7.8.3' ],
118 silly audit   '@babel/plugin-syntax-numeric-separator': [ '7.10.4' ],
118 silly audit   '@babel/plugin-syntax-object-rest-spread': [ '7.8.3' ],
118 silly audit   '@babel/plugin-syntax-optional-catch-binding': [ '7.8.3' ],
118 silly audit   '@babel/plugin-syntax-optional-chaining': [ '7.8.3' ],
118 silly audit   '@babel/plugin-syntax-private-property-in-object': [ '7.14.5' ],
118 silly audit   '@babel/plugin-syntax-top-level-await': [ '7.14.5' ],
118 silly audit   '@babel/plugin-syntax-typescript': [ '7.29.7' ],
118 silly audit   '@babel/plugin-transform-arrow-functions': [ '7.29.7' ],
118 silly audit   '@babel/plugin-transform-async-generator-functions': [ '7.29.7' ],
118 silly audit   '@babel/plugin-transform-async-to-generator': [ '7.29.7' ],
118 silly audit   '@babel/plugin-transform-block-scoping': [ '7.29.7' ],
118 silly audit   '@babel/plugin-transform-class-properties': [ '7.29.7' ],
118 silly audit   '@babel/plugin-transform-class-static-block': [ '7.29.7' ],
118 silly audit   '@babel/plugin-transform-classes': [ '7.29.7' ],
118 silly audit   '@babel/plugin-transform-computed-properties': [ '7.29.7' ],
118 silly audit   '@babel/plugin-transform-destructuring': [ '7.29.7' ],
118 silly audit   '@babel/plugin-transform-export-namespace-from': [ '7.29.7' ],
118 silly audit   '@babel/plugin-transform-flow-strip-types': [ '7.29.7' ],
118 silly audit   '@babel/plugin-transform-for-of': [ '7.29.7' ],
118 silly audit   '@babel/plugin-transform-function-name': [ '7.29.7' ],
118 silly audit   '@babel/plugin-transform-literals': [ '7.29.7' ],
118 silly audit   '@babel/plugin-transform-logical-assignment-operators': [ '7.29.7' ],
118 silly audit   '@babel/plugin-transform-modules-commonjs': [ '7.29.7' ],
118 silly audit   '@babel/plugin-transform-named-capturing-groups-regex': [ '7.29.7' ],
118 silly audit   '@babel/plugin-transform-nullish-coalescing-operator': [ '7.29.7' ],
118 silly audit   '@babel/plugin-transform-numeric-separator': [ '7.29.7' ],
118 silly audit   '@babel/plugin-transform-object-rest-spread': [ '7.29.7' ],
118 silly audit   '@babel/plugin-transform-optional-catch-binding': [ '7.29.7' ],
118 silly audit   '@babel/plugin-transform-optional-chaining': [ '7.29.7' ],
118 silly audit   '@babel/plugin-transform-parameters': [ '7.29.7' ],
118 silly audit   '@babel/plugin-transform-private-methods': [ '7.29.7' ],
118 silly audit   '@babel/plugin-transform-private-property-in-object': [ '7.29.7' ],
118 silly audit   '@babel/plugin-transform-react-display-name': [ '7.29.7' ],
118 silly audit   '@babel/plugin-transform-react-jsx': [ '7.29.7' ],
118 silly audit   '@babel/plugin-transform-react-jsx-development': [ '7.29.7' ],
118 silly audit   '@babel/plugin-transform-react-jsx-self': [ '7.29.7' ],
118 silly audit   '@babel/plugin-transform-react-jsx-source': [ '7.29.7' ],
118 silly audit   '@babel/plugin-transform-react-pure-annotations': [ '7.29.7' ],
118 silly audit   '@babel/plugin-transform-regenerator': [ '7.29.7' ],
118 silly audit   '@babel/plugin-transform-runtime': [ '7.29.7' ],
118 silly audit   '@babel/plugin-transform-shorthand-properties': [ '7.29.7' ],
118 silly audit   '@babel/plugin-transform-spread': [ '7.29.7' ],
118 silly audit   '@babel/plugin-transform-sticky-regex': [ '7.29.7' ],
118 silly audit   '@babel/plugin-transform-typescript': [ '7.29.7' ],
118 silly audit   '@babel/plugin-transform-unicode-regex': [ '7.29.7' ],
118 silly audit   '@babel/preset-react': [ '7.29.7' ],
118 silly audit   '@babel/preset-typescript': [ '7.29.7' ],
118 silly audit   '@babel/runtime': [ '7.29.7' ],
118 silly audit   '@babel/template': [ '7.29.7' ],
118 silly audit   '@babel/traverse': [ '7.29.7' ],
118 silly audit   '@babel/types': [ '7.29.7' ],
118 silly audit   '@expo/code-signing-certificates': [ '0.0.6' ],
118 silly audit   '@expo/config': [ '12.0.13' ],
118 silly audit   '@expo/config-plugins': [ '54.0.4' ],
118 silly audit   '@expo/json-file': [ '10.0.16', '10.2.0' ],
118 silly audit   'ansi-styles': [ '4.3.0', '3.2.1', '5.2.0' ],
118 silly audit   chalk: [ '4.1.2', '2.4.2' ],
118 silly audit   'color-convert': [ '2.0.1', '1.9.3' ],
118 silly audit   'color-name': [ '1.1.4', '1.1.3' ],
118 silly audit   'has-flag': [ '4.0.0', '3.0.0' ],
118 silly audit   'supports-color': [ '7.2.0', '8.1.1', '5.5.0' ],
118 silly audit   '@expo/config-types': [ '54.0.10' ],
118 silly audit   '@expo/devcert': [ '1.2.1' ],
118 silly audit   debug: [ '3.2.7', '2.6.9', '4.4.3' ],
118 silly audit   '@expo/devtools': [ '0.1.8' ],
118 silly audit   '@expo/env': [ '2.0.11' ],
118 silly audit   '@expo/fingerprint': [ '0.15.5' ],
118 silly audit   '@expo/image-utils': [ '0.8.14' ],
118 silly audit   '@expo/metro': [ '54.2.0' ],
118 silly audit   '@expo/osascript': [ '2.6.0' ],
118 silly audit   '@expo/package-manager': [ '1.12.1' ],
118 silly audit   '@expo/plist': [ '0.4.9' ],
118 silly audit   '@expo/require-utils': [ '55.0.5' ],
118 silly audit   '@expo/schema-utils': [ '0.1.8' ],
118 silly audit   '@expo/sdk-runtime-versions': [ '1.0.0' ],
118 silly audit   '@expo/spawn-async': [ '1.8.0' ],
118 silly audit   '@expo/sudo-prompt': [ '9.3.2' ],
118 silly audit   '@expo/ws-tunnel': [ '1.0.6' ],
118 silly audit   '@expo/xcpretty': [ '4.4.4' ],
118 silly audit   argparse: [ '2.0.1', '1.0.10' ],
118 silly audit   'js-yaml': [ '4.2.0', '3.14.2' ],
118 silly audit   '@isaacs/fs-minipass': [ '4.0.1' ],
118 silly audit   '@isaacs/ttlcache': [ '1.4.1' ],
118 silly audit   '@istanbuljs/load-nyc-config': [ '1.1.0' ],
118 silly audit   camelcase: [ '5.3.1', '6.3.0' ],
118 silly audit   '@istanbuljs/schema': [ '0.1.6' ],
118 silly audit   '@jest/create-cache-key-function': [ '29.7.0' ],
118 silly audit   '@jest/environment': [ '29.7.0' ],
118 silly audit   '@jest/fake-timers': [ '29.7.0' ],
118 silly audit   '@jest/schemas': [ '29.6.3' ],
118 silly audit   '@jest/transform': [ '29.7.0' ],
118 silly audit   '@jest/types': [ '29.6.3' ],
118 silly audit   '@jridgewell/gen-mapping': [ '0.3.13' ],
118 silly audit   '@jridgewell/remapping': [ '2.3.5' ],
118 silly audit   '@jridgewell/resolve-uri': [ '3.1.2' ],
118 silly audit   '@jridgewell/source-map': [ '0.3.11' ],
118 silly audit   '@jridgewell/sourcemap-codec': [ '1.5.5' ],
118 silly audit   '@jridgewell/trace-mapping': [ '0.3.31' ],
118 silly audit   '@react-native/assets-registry': [ '0.81.5' ],
118 silly audit   '@react-native/babel-plugin-codegen': [ '0.81.5' ],
118 silly audit   '@react-native/babel-preset': [ '0.81.5' ],
118 silly audit   '@react-native/codegen': [ '0.81.5' ],
118 silly audit   'brace-expansion': [ '1.1.15', '5.0.6', '2.1.1' ],
118 silly audit   glob: [ '7.2.3', '13.0.6' ],
118 silly audit   minimatch: [ '3.1.5', '9.0.9', '10.2.5' ],
118 silly audit   '@react-native/community-cli-plugin': [ '0.81.5' ],
118 silly audit   '@react-native/debugger-frontend': [ '0.81.5' ],
118 silly audit   '@react-native/dev-middleware': [ '0.81.5' ],
118 silly audit   ws: [ '6.2.4', '8.21.0', '7.5.11' ],
118 silly audit   '@react-native/gradle-plugin': [ '0.81.5' ],
118 silly audit   '@react-native/js-polyfills': [ '0.81.5' ],
118 silly audit   '@react-native/normalize-colors': [ '0.81.5', '0.74.89' ],
118 silly audit   '@react-native/virtualized-lists': [ '0.81.5' ],
118 silly audit   '@react-navigation/core': [ '7.17.5' ],
118 silly audit   'escape-string-regexp': [ '4.0.0', '1.0.5', '2.0.0' ],
118 silly audit   'react-is': [ '19.2.7', '18.3.1' ],
118 silly audit   '@react-navigation/elements': [ '2.9.19' ],
118 silly audit   '@react-navigation/native': [ '7.2.5' ],
118 silly audit   '@react-navigation/native-stack': [ '7.16.0' ],
118 silly audit   '@react-navigation/routers': [ '7.5.5' ],
118 silly audit   '@sinclair/typebox': [ '0.27.10' ],
118 silly audit   '@sinonjs/commons': [ '3.0.1' ],
118 silly audit   '@sinonjs/fake-timers': [ '10.3.0' ],
118 silly audit   '@types/babel__core': [ '7.20.5' ],
118 silly audit   '@types/babel__generator': [ '7.27.0' ],
118 silly audit   '@types/babel__template': [ '7.4.4' ],
118 silly audit   '@types/babel__traverse': [ '7.28.0' ],
118 silly audit   '@types/graceful-fs': [ '4.1.9' ],
118 silly audit   '@types/istanbul-lib-coverage': [ '2.0.6' ],
118 silly audit   '@types/istanbul-lib-report': [ '3.0.3' ],
118 silly audit   '@types/istanbul-reports': [ '3.0.4' ],
118 silly audit   '@types/node': [ '24.12.4' ],
118 silly audit   '@types/react': [ '19.1.17' ],
118 silly audit   '@types/stack-utils': [ '2.0.3' ],
118 silly audit   '@types/yargs': [ '17.0.35' ],
118 silly audit   '@types/yargs-parser': [ '21.0.3' ],
118 silly audit   '@ungap/structured-clone': [ '1.3.1' ],
118 silly audit   '@urql/core': [ '5.2.0' ],
118 silly audit   '@urql/exchange-retry': [ '1.3.2' ],
118 silly audit   '@xmldom/xmldom': [ '0.8.13', '0.9.10' ],
118 silly audit   'abort-controller': [ '3.0.0' ],
118 silly audit   accepts: [ '1.3.8' ],
118 silly audit   acorn: [ '8.16.0' ],
118 silly audit   'agent-base': [ '7.1.4' ],
118 silly audit   anser: [ '1.4.10' ],
118 silly audit   'ansi-escapes': [ '4.3.2' ],
118 silly audit   'type-fest': [ '0.21.3', '0.7.1' ],
118 silly audit   'ansi-regex': [ '5.0.1', '4.1.1' ],
118 silly audit   'any-promise': [ '1.3.0' ],
118 silly audit   anymatch: [ '3.1.3' ],
118 silly audit   arg: [ '5.0.2' ],
118 silly audit   asap: [ '2.0.6' ],
118 silly audit   'async-limiter': [ '1.0.1' ],
118 silly audit   'babel-jest': [ '29.7.0' ],
118 silly audit   'babel-plugin-istanbul': [ '6.1.1' ],
118 silly audit   'babel-plugin-jest-hoist': [ '29.6.3' ],
118 silly audit   'babel-plugin-polyfill-corejs2': [ '0.4.17' ],
118 silly audit   'babel-plugin-polyfill-corejs3': [ '0.13.0' ],
118 silly audit   'babel-plugin-polyfill-regenerator': [ '0.6.8' ],
118 silly audit   'babel-plugin-react-compiler': [ '1.0.0' ],
118 silly audit   'babel-plugin-react-native-web': [ '0.21.2' ],
118 silly audit   'babel-plugin-syntax-hermes-parser': [ '0.29.1' ],
118 silly audit   'babel-plugin-transform-flow-enums': [ '0.0.2' ],
118 silly audit   'babel-preset-current-node-syntax': [ '1.2.0' ],
118 silly audit   'babel-preset-expo': [ '54.0.11' ],
118 silly audit   'babel-preset-jest': [ '29.6.3' ],
118 silly audit   'balanced-match': [ '1.0.2', '4.0.4' ],
118 silly audit   'base64-js': [ '1.5.1' ],
118 silly audit   'baseline-browser-mapping': [ '2.10.33' ],
118 silly audit   'better-opn': [ '3.0.2' ],
118 silly audit   open: [ '8.4.2', '7.4.2' ],
118 silly audit   'big-integer': [ '1.6.52' ],
118 silly audit   'bplist-creator': [ '0.1.0' ],
118 silly audit   'bplist-parser': [ '0.3.1' ],
118 silly audit   braces: [ '3.0.3' ],
118 silly audit   browserslist: [ '4.28.2' ],
118 silly audit   bser: [ '2.1.1' ],
118 silly audit   buffer: [ '5.7.1' ],
118 silly audit   'buffer-from': [ '1.1.2' ],
118 silly audit   bytes: [ '3.1.2' ],
118 silly audit   'caniuse-lite': [ '1.0.30001793' ],
118 silly audit   chownr: [ '3.0.0' ],
118 silly audit   'chrome-launcher': [ '0.15.2' ],
118 silly audit   'chromium-edge-launcher': [ '0.2.0' ],
118 silly audit   'ci-info': [ '2.0.0', '3.9.0' ],
118 silly audit   'cli-cursor': [ '2.1.0' ],
118 silly audit   'cli-spinners': [ '2.9.2' ],
118 silly audit   cliui: [ '8.0.1' ],
118 silly audit   clone: [ '1.0.4' ],
118 silly audit   color: [ '4.2.3' ],
118 silly audit   'color-string': [ '1.9.1' ],
118 silly audit   commander: [ '7.2.0', '12.1.0', '4.1.1', '2.20.3' ],
118 silly audit   compressible: [ '2.0.18' ],
118 silly audit   compression: [ '1.8.1' ],
118 silly audit   ms: [ '2.0.0', '2.1.3' ],
118 silly audit   negotiator: [ '0.6.4', '0.6.3' ],
118 silly audit   'concat-map': [ '0.0.1' ],
118 silly audit   connect: [ '3.7.0' ],
118 silly audit   'convert-source-map': [ '2.0.0' ],
118 silly audit   'core-js-compat': [ '3.49.0' ],
118 silly audit   'cross-spawn': [ '7.0.6' ],
118 silly audit   csstype: [ '3.2.3' ],
118 silly audit   'decode-uri-component': [ '0.2.2' ],
118 silly audit   'deep-extend': [ '0.6.0' ],
118 silly audit   deepmerge: [ '4.3.1' ],
118 silly audit   defaults: [ '1.0.4' ],
118 silly audit   'define-lazy-prop': [ '2.0.0' ],
118 silly audit   depd: [ '2.0.0' ],
118 silly audit   destroy: [ '1.2.0' ],
118 silly audit   'detect-libc': [ '2.1.2' ],
118 silly audit   dotenv: [ '16.4.7' ],
118 silly audit   'dotenv-expand': [ '11.0.7' ],
118 silly audit   'ee-first': [ '1.1.1' ],
118 silly audit   'electron-to-chromium': [ '1.5.364' ],
118 silly audit   'emoji-regex': [ '8.0.0' ],
118 silly audit   encodeurl: [ '1.0.2', '2.0.0' ],
118 silly audit   'env-editor': [ '0.4.2' ],
118 silly audit   'error-stack-parser': [ '2.1.4' ],
118 silly audit   'es-errors': [ '1.3.0' ],
118 silly audit   escalade: [ '3.2.0' ],
118 silly audit   'escape-html': [ '1.0.3' ],
118 silly audit   esprima: [ '4.0.1' ],
118 silly audit   etag: [ '1.8.1' ],
118 silly audit   'event-target-shim': [ '5.0.1' ],
118 silly audit   expo: [ '54.0.35' ],
118 silly audit   'expo-asset': [ '12.0.13' ],
118 silly audit   'expo-constants': [ '18.0.13' ],
118 silly audit   'expo-modules-autolinking': [ '3.0.26' ],
118 silly audit   'expo-modules-core': [ '3.0.30' ],
118 silly audit   'expo-server': [ '1.0.7' ],
118 silly audit   'expo-status-bar': [ '3.0.9' ],
118 silly audit   '@expo/cli': [ '54.0.25' ],
118 silly audit   '@expo/prebuild-config': [ '54.0.8' ],
118 silly audit   '@expo/metro-config': [ '54.0.16' ],
118 silly audit   '@expo/vector-icons': [ '15.1.1' ],
118 silly audit   'expo-file-system': [ '19.0.23' ],
118 silly audit   'expo-font': [ '14.0.12' ],
118 silly audit   'expo-keep-awake': [ '15.0.8' ],
118 silly audit   picomatch: [ '4.0.4', '2.3.2' ],
118 silly audit   'exponential-backoff': [ '3.1.3' ],
118 silly audit   'fast-deep-equal': [ '3.1.3' ],
118 silly audit   'fast-json-stable-stringify': [ '2.1.0' ],
118 silly audit   'fb-watchman': [ '2.0.2' ],
118 silly audit   'fill-range': [ '7.1.1' ],
118 silly audit   'filter-obj': [ '1.1.0' ],
118 silly audit   finalhandler: [ '1.1.2' ],
118 silly audit   'find-up': [ '4.1.0' ],
118 silly audit   'flow-enums-runtime': [ '0.0.6' ],
118 silly audit   fontfaceobserver: [ '2.3.0' ],
118 silly audit   'freeport-async': [ '2.0.0' ],
118 silly audit   fresh: [ '0.5.2' ],
118 silly audit   'fs.realpath': [ '1.0.0' ],
118 silly audit   fsevents: [ '2.3.3' ],
118 silly audit   'function-bind': [ '1.1.2' ],
118 silly audit   gensync: [ '1.0.0-beta.2' ],
118 silly audit   'get-caller-file': [ '2.0.5' ],
118 silly audit   'get-package-type': [ '0.1.0' ],
118 silly audit   getenv: [ '2.0.0' ],
118 silly audit   'graceful-fs': [ '4.2.11' ],
118 silly audit   hasown: [ '2.0.4' ],
118 silly audit   'hermes-estree': [ '0.29.1', '0.32.0' ],
118 silly audit   'hermes-parser': [ '0.29.1', '0.32.0' ],
118 silly audit   'hosted-git-info': [ '7.0.2' ],
118 silly audit   'lru-cache': [ '10.4.3', '5.1.1', '11.5.1' ],
118 silly audit   'http-errors': [ '2.0.1' ],
118 silly audit   statuses: [ '2.0.2', '1.5.0' ],
118 silly audit   'https-proxy-agent': [ '7.0.6' ],
118 silly audit   ieee754: [ '1.2.1' ],
118 silly audit   ignore: [ '5.3.2' ],
118 silly audit   'image-size': [ '1.2.1' ],
118 silly audit   imurmurhash: [ '0.1.4' ],
118 silly audit   inflight: [ '1.0.6' ],
118 silly audit   inherits: [ '2.0.4' ],
118 silly audit   ini: [ '1.3.8' ],
118 silly audit   invariant: [ '2.2.4' ],
118 silly audit   'is-arrayish': [ '0.3.4' ],
118 silly audit   'is-core-module': [ '2.16.2' ],
118 silly audit   'is-docker': [ '2.2.1' ],
118 silly audit   'is-fullwidth-code-point': [ '3.0.0' ],
118 silly audit   'is-number': [ '7.0.0' ],
118 silly audit   'is-wsl': [ '2.2.0' ],
118 silly audit   isexe: [ '2.0.0' ],
118 silly audit   'istanbul-lib-coverage': [ '3.2.2' ],
118 silly audit   'istanbul-lib-instrument': [ '5.2.1' ],
118 silly audit   'jest-environment-node': [ '29.7.0' ],
118 silly audit   'jest-get-type': [ '29.6.3' ],
118 silly audit   'jest-haste-map': [ '29.7.0' ],
118 silly audit   'jest-message-util': [ '29.7.0' ],
118 silly audit   'jest-mock': [ '29.7.0' ],
118 silly audit   'jest-regex-util': [ '29.6.3' ],
118 silly audit   'jest-util': [ '29.7.0' ],
118 silly audit   'jest-validate': [ '29.7.0' ],
118 silly audit   'jest-worker': [ '29.7.0' ],
118 silly audit   'jimp-compact': [ '0.16.1' ],
118 silly audit   'js-tokens': [ '4.0.0' ],
118 silly audit   'jsc-safe-url': [ '0.2.4' ],
118 silly audit   jsesc: [ '3.1.0' ],
118 silly audit   json5: [ '2.2.3' ],
118 silly audit   kleur: [ '3.0.3' ],
118 silly audit   'lan-network': [ '0.2.1' ],
118 silly audit   leven: [ '3.1.0' ],
118 silly audit   'lighthouse-logger': [ '1.4.2' ],
118 silly audit   lightningcss: [ '1.32.0' ],
118 silly audit   'lightningcss-android-arm64': [ '1.32.0' ],
118 silly audit   'lightningcss-darwin-arm64': [ '1.32.0' ],
118 silly audit   'lightningcss-darwin-x64': [ '1.32.0' ],
118 silly audit   'lightningcss-freebsd-x64': [ '1.32.0' ],
118 silly audit   'lightningcss-linux-arm-gnueabihf': [ '1.32.0' ],
118 silly audit   'lightningcss-linux-arm64-gnu': [ '1.32.0' ],
118 silly audit   'lightningcss-linux-arm64-musl': [ '1.32.0' ],
118 silly audit   'lightningcss-linux-x64-gnu': [ '1.32.0' ],
118 silly audit   'lightningcss-linux-x64-musl': [ '1.32.0' ],
118 silly audit   'lightningcss-win32-arm64-msvc': [ '1.32.0' ],
118 silly audit   'lightningcss-win32-x64-msvc': [ '1.32.0' ],
118 silly audit   'lines-and-columns': [ '1.2.4' ],
118 silly audit   'locate-path': [ '5.0.0' ],
118 silly audit   'lodash.debounce': [ '4.0.8' ],
118 silly audit   'lodash.throttle': [ '4.1.1' ],
118 silly audit   'log-symbols': [ '2.2.0' ],
118 silly audit   'loose-envify': [ '1.4.0' ],
118 silly audit   makeerror: [ '1.0.12' ],
118 silly audit   marky: [ '1.3.0' ],
118 silly audit   'memoize-one': [ '5.2.1', '6.0.0' ],
118 silly audit   'merge-stream': [ '2.0.0' ],
118 silly audit   metro: [ '0.83.3' ],
118 silly audit   'metro-babel-transformer': [ '0.83.3' ],
118 silly audit   'metro-cache': [ '0.83.3' ],
118 silly audit   'metro-cache-key': [ '0.83.3' ],
118 silly audit   'metro-config': [ '0.83.3' ],
118 silly audit   'metro-core': [ '0.83.3' ],
118 silly audit   'metro-file-map': [ '0.83.3' ],
118 silly audit   'metro-minify-terser': [ '0.83.3' ],
118 silly audit   'metro-resolver': [ '0.83.3' ],
118 silly audit   'metro-runtime': [ '0.83.3' ],
118 silly audit   'metro-source-map': [ '0.83.3' ],
118 silly audit   'metro-symbolicate': [ '0.83.3' ],
118 silly audit   'metro-transform-plugins': [ '0.83.3' ],
118 silly audit   'metro-transform-worker': [ '0.83.3' ],
118 silly audit   micromatch: [ '4.0.8' ],
118 silly audit   mime: [ '1.6.0' ],
118 silly audit   'mime-db': [ '1.52.0' ],
118 silly audit   'mime-types': [ '2.1.35' ],
118 silly audit   'mimic-fn': [ '1.2.0' ],
118 silly audit   minimist: [ '1.2.8' ],
118 silly audit   minipass: [ '7.1.3' ],
118 silly audit   minizlib: [ '3.1.0' ],
118 silly audit   mkdirp: [ '1.0.4' ],
118 silly audit   mz: [ '2.7.0' ],
118 silly audit   nanoid: [ '3.3.12' ],
118 silly audit   'nested-error-stacks': [ '2.0.1' ],
118 silly audit   'node-forge': [ '1.4.0' ],
118 silly audit   'node-int64': [ '0.4.0' ],
118 silly audit   'node-releases': [ '2.0.46' ],
118 silly audit   'normalize-path': [ '3.0.0' ],
118 silly audit   'npm-package-arg': [ '11.0.3' ],
118 silly audit   nullthrows: [ '1.1.1' ],
118 silly audit   ob1: [ '0.83.3' ],
118 silly audit   'object-assign': [ '4.1.1' ],
118 silly audit   'on-finished': [ '2.3.0', '2.4.1' ],
118 silly audit   'on-headers': [ '1.1.0' ],
118 silly audit   once: [ '1.4.0' ],
118 silly audit   onetime: [ '2.0.1' ],
118 silly audit   ora: [ '3.4.0' ],
118 silly audit   'strip-ansi': [ '5.2.0', '6.0.1' ],
118 silly audit   'p-limit': [ '3.1.0', '2.3.0' ],
118 silly audit   'p-locate': [ '4.1.0' ],
118 silly audit   'p-try': [ '2.2.0' ],
118 silly audit   'parse-png': [ '2.1.0' ],
118 silly audit   parseurl: [ '1.3.3' ],
118 silly audit   'path-exists': [ '4.0.0' ],
118 silly audit   'path-is-absolute': [ '1.0.1' ],
118 silly audit   'path-key': [ '3.1.1' ],
118 silly audit   'path-parse': [ '1.0.7' ],
118 silly audit   'path-scurry': [ '2.0.2' ],
118 silly audit   picocolors: [ '1.1.1' ],
118 silly audit   pirates: [ '4.0.7' ],
118 silly audit   plist: [ '3.1.1' ],
118 silly audit   pngjs: [ '3.4.0' ],
118 silly audit   postcss: [ '8.4.49' ],
118 silly audit   prettier: [ '3.8.3' ],
118 silly audit   'pretty-bytes': [ '5.6.0' ],
118 silly audit   'pretty-format': [ '29.7.0' ],
118 silly audit   'proc-log': [ '4.2.0' ],
118 silly audit   progress: [ '2.0.3' ],
118 silly audit   promise: [ '8.3.0', '7.3.1' ],
118 silly audit   prompts: [ '2.4.2' ],
118 silly audit   punycode: [ '2.3.1' ],
118 silly audit   'qrcode-terminal': [ '0.11.0' ],
118 silly audit   'query-string': [ '7.1.3' ],
118 silly audit   queue: [ '6.0.2' ],
118 silly audit   'range-parser': [ '1.2.1' ],
118 silly audit   rc: [ '1.2.8' ],
118 silly audit   react: [ '19.1.0' ],
118 silly audit   'react-devtools-core': [ '6.1.5' ],
118 silly audit   'react-freeze': [ '1.0.4' ],
118 silly audit   'react-native': [ '0.81.5' ],
118 silly audit   'react-native-is-edge-to-edge': [ '1.3.1' ],
118 silly audit   'react-native-safe-area-context': [ '5.6.2' ],
118 silly audit   'react-native-screens': [ '4.16.0' ],
118 silly audit   'react-refresh': [ '0.14.2' ],
118 silly audit   regenerate: [ '1.4.2' ],
118 silly audit   'regenerate-unicode-properties': [ '10.2.2' ],
118 silly audit   'regenerator-runtime': [ '0.13.11' ],
118 silly audit   'regexpu-core': [ '6.4.0' ],
118 silly audit   regjsgen: [ '0.8.0' ],
118 silly audit   regjsparser: [ '0.13.1' ],
118 silly audit   'require-directory': [ '2.1.1' ],
118 silly audit   'require-from-string': [ '2.0.2' ],
118 silly audit   requireg: [ '0.2.2' ],
118 silly audit   resolve: [ '1.7.1', '1.22.12' ],
118 silly audit   'resolve-from': [ '5.0.0' ],
118 silly audit   'resolve-workspace-root': [ '2.0.1' ],
118 silly audit   'resolve.exports': [ '2.0.3' ],
118 silly audit   'restore-cursor': [ '2.0.0' ],
118 silly audit   rimraf: [ '3.0.2' ],
118 silly audit   'safe-buffer': [ '5.2.1' ],
118 silly audit   sax: [ '1.6.0' ],
118 silly audit   scheduler: [ '0.26.0' ],
118 silly audit   send: [ '0.19.2' ],
118 silly audit   'serialize-error': [ '2.1.0' ],
118 silly audit   'serve-static': [ '1.16.3' ],
118 silly audit   setprototypeof: [ '1.2.0' ],
118 silly audit   'sf-symbols-typescript': [ '2.2.0' ],
118 silly audit   'shebang-command': [ '2.0.0' ],
118 silly audit   'shebang-regex': [ '3.0.0' ],
118 silly audit   'shell-quote': [ '1.8.4' ],
118 silly audit   'signal-exit': [ '3.0.7' ],
118 silly audit   'simple-plist': [ '1.3.1' ],
118 silly audit   'simple-swizzle': [ '0.2.4' ],
118 silly audit   sisteransi: [ '1.0.5' ],
118 silly audit   slash: [ '3.0.0' ],
118 silly audit   slugify: [ '1.6.9' ],
118 silly audit   'source-map': [ '0.5.7', '0.6.1' ],
118 silly audit   'source-map-js': [ '1.2.1' ],
118 silly audit   'source-map-support': [ '0.5.21' ],
118 silly audit   'split-on-first': [ '1.1.0' ],
118 silly audit   'sprintf-js': [ '1.0.3' ],
118 silly audit   'stack-utils': [ '2.0.6' ],
118 silly audit   stackframe: [ '1.3.4' ],
118 silly audit   'stacktrace-parser': [ '0.1.11' ],
118 silly audit   'stream-buffers': [ '2.2.0' ],
118 silly audit   'strict-uri-encode': [ '2.0.0' ],
118 silly audit   'string-width': [ '4.2.3' ],
118 silly audit   'strip-json-comments': [ '2.0.1' ],
118 silly audit   'structured-headers': [ '0.4.1' ],
118 silly audit   sucrase: [ '3.35.1' ],
118 silly audit   'supports-hyperlinks': [ '2.3.0' ],
118 silly audit   'supports-preserve-symlinks-flag': [ '1.0.0' ],
118 silly audit   tar: [ '7.5.15' ],
118 silly audit   yallist: [ '5.0.0', '3.1.1' ],
118 silly audit   'terminal-link': [ '2.1.1' ],
118 silly audit   terser: [ '5.48.0' ],
118 silly audit   'test-exclude': [ '6.0.0' ],
118 silly audit   thenify: [ '3.3.1' ],
118 silly audit   'thenify-all': [ '1.6.0' ],
118 silly audit   throat: [ '5.0.0' ],
118 silly audit   tinyglobby: [ '0.2.17' ],
118 silly audit   fdir: [ '6.5.0' ],
118 silly audit   tmpl: [ '1.0.5' ],
118 silly audit   'to-regex-range': [ '5.0.1' ],
118 silly audit   toidentifier: [ '1.0.1' ],
118 silly audit   'ts-interface-checker': [ '0.1.13' ],
118 silly audit   'type-detect': [ '4.0.8' ],
118 silly audit   typescript: [ '5.9.3' ],
118 silly audit   undici: [ '6.26.0' ],
118 silly audit   'undici-types': [ '7.16.0' ],
118 silly audit   'unicode-canonical-property-names-ecmascript': [ '2.0.1' ],
118 silly audit   'unicode-match-property-ecmascript': [ '2.0.0' ],
118 silly audit   'unicode-match-property-value-ecmascript': [ '2.2.1' ],
118 silly audit   'unicode-property-aliases-ecmascript': [ '2.2.0' ],
118 silly audit   unpipe: [ '1.0.0' ],
118 silly audit   'update-browserslist-db': [ '1.2.3' ],
118 silly audit   'use-latest-callback': [ '0.2.6' ],
118 silly audit   'use-sync-external-store': [ '1.6.0' ],
118 silly audit   'utils-merge': [ '1.0.1' ],
118 silly audit   uuid: [ '7.0.3' ],
118 silly audit   'validate-npm-package-name': [ '5.0.1' ],
118 silly audit   vary: [ '1.1.2' ],
118 silly audit   vlq: [ '1.0.1' ],
118 silly audit   walker: [ '1.0.8' ],
118 silly audit   'warn-once': [ '0.1.1' ],
118 silly audit   wcwidth: [ '1.0.1' ],
118 silly audit   'webidl-conversions': [ '5.0.0', '3.0.1' ],
118 silly audit   'whatwg-fetch': [ '3.6.20' ],
118 silly audit   'whatwg-url-without-unicode': [ '8.0.0-3' ],
118 silly audit   which: [ '2.0.2' ],
118 silly audit   wonka: [ '6.3.6' ],
118 silly audit   'wrap-ansi': [ '7.0.0' ],
118 silly audit   wrappy: [ '1.0.2' ],
118 silly audit   'write-file-atomic': [ '4.0.2' ],
118 silly audit   xcode: [ '3.0.1' ],
118 silly audit   xml2js: [ '0.6.0' ],
118 silly audit   xmlbuilder: [ '11.0.1', '15.1.1' ],
118 silly audit   y18n: [ '5.0.8' ],
118 silly audit   yaml: [ '2.9.0' ],
118 silly audit   yargs: [ '17.7.2' ],
118 silly audit   'yargs-parser': [ '21.1.1' ],
118 silly audit   'yocto-queue': [ '0.1.0' ],
118 silly audit   'react-dom': [ '19.1.0' ],
118 silly audit   'react-native-web': [ '0.21.2' ],
118 silly audit   fbjs: [ '3.0.5' ],
118 silly audit   'inline-style-prefixer': [ '7.0.1' ],
118 silly audit   'postcss-value-parser': [ '4.2.0' ],
118 silly audit   styleq: [ '0.1.3' ],
118 silly audit   'cross-fetch': [ '3.2.0' ],
118 silly audit   'fbjs-css-vars': [ '1.0.2' ],
118 silly audit   setimmediate: [ '1.0.5' ],
118 silly audit   'ua-parser-js': [ '1.0.41' ],
118 silly audit   'node-fetch': [ '2.7.0' ],
118 silly audit   'css-in-js-utils': [ '3.1.0' ],
118 silly audit   'hyphenate-style-name': [ '1.1.0' ],
118 silly audit   'whatwg-url': [ '5.0.0' ],
118 silly audit   tr46: [ '0.0.3' ]
118 silly audit }
119 verbose reify failed optional dependency /Users/nikitabushuev/WebstormProjects/ReactNativeDebtor/node_modules/lightningcss-win32-x64-msvc
120 silly reify mark deleted [
120 silly reify   '/Users/nikitabushuev/WebstormProjects/ReactNativeDebtor/node_modules/lightningcss-win32-x64-msvc'
120 silly reify ]
121 verbose reify failed optional dependency /Users/nikitabushuev/WebstormProjects/ReactNativeDebtor/node_modules/lightningcss-win32-arm64-msvc
122 silly reify mark deleted [
122 silly reify   '/Users/nikitabushuev/WebstormProjects/ReactNativeDebtor/node_modules/lightningcss-win32-arm64-msvc'
122 silly reify ]
123 verbose reify failed optional dependency /Users/nikitabushuev/WebstormProjects/ReactNativeDebtor/node_modules/lightningcss-linux-x64-musl
124 silly reify mark deleted [
124 silly reify   '/Users/nikitabushuev/WebstormProjects/ReactNativeDebtor/node_modules/lightningcss-linux-x64-musl'
124 silly reify ]
125 verbose reify failed optional dependency /Users/nikitabushuev/WebstormProjects/ReactNativeDebtor/node_modules/lightningcss-linux-x64-gnu
126 silly reify mark deleted [
126 silly reify   '/Users/nikitabushuev/WebstormProjects/ReactNativeDebtor/node_modules/lightningcss-linux-x64-gnu'
126 silly reify ]
127 verbose reify failed optional dependency /Users/nikitabushuev/WebstormProjects/ReactNativeDebtor/node_modules/lightningcss-linux-arm64-musl
128 silly reify mark deleted [
128 silly reify   '/Users/nikitabushuev/WebstormProjects/ReactNativeDebtor/node_modules/lightningcss-linux-arm64-musl'
128 silly reify ]
129 verbose reify failed optional dependency /Users/nikitabushuev/WebstormProjects/ReactNativeDebtor/node_modules/lightningcss-linux-arm64-gnu
130 silly reify mark deleted [
130 silly reify   '/Users/nikitabushuev/WebstormProjects/ReactNativeDebtor/node_modules/lightningcss-linux-arm64-gnu'
130 silly reify ]
131 verbose reify failed optional dependency /Users/nikitabushuev/WebstormProjects/ReactNativeDebtor/node_modules/lightningcss-linux-arm-gnueabihf
132 silly reify mark deleted [
132 silly reify   '/Users/nikitabushuev/WebstormProjects/ReactNativeDebtor/node_modules/lightningcss-linux-arm-gnueabihf'
132 silly reify ]
133 verbose reify failed optional dependency /Users/nikitabushuev/WebstormProjects/ReactNativeDebtor/node_modules/lightningcss-freebsd-x64
134 silly reify mark deleted [
134 silly reify   '/Users/nikitabushuev/WebstormProjects/ReactNativeDebtor/node_modules/lightningcss-freebsd-x64'
134 silly reify ]
135 verbose reify failed optional dependency /Users/nikitabushuev/WebstormProjects/ReactNativeDebtor/node_modules/lightningcss-darwin-arm64
136 silly reify mark deleted [
136 silly reify   '/Users/nikitabushuev/WebstormProjects/ReactNativeDebtor/node_modules/lightningcss-darwin-arm64'
136 silly reify ]
137 verbose reify failed optional dependency /Users/nikitabushuev/WebstormProjects/ReactNativeDebtor/node_modules/lightningcss-android-arm64
138 silly reify mark deleted [
138 silly reify   '/Users/nikitabushuev/WebstormProjects/ReactNativeDebtor/node_modules/lightningcss-android-arm64'
138 silly reify ]
139 silly tarball no local data for tr46@https://registry.npmjs.org/tr46/-/tr46-0.0.3.tgz. Extracting by manifest.
140 silly tarball no local data for css-in-js-utils@https://registry.npmjs.org/css-in-js-utils/-/css-in-js-utils-3.1.0.tgz. Extracting by manifest.
141 silly tarball no local data for hyphenate-style-name@https://registry.npmjs.org/hyphenate-style-name/-/hyphenate-style-name-1.1.0.tgz. Extracting by manifest.
142 silly tarball no local data for whatwg-url@https://registry.npmjs.org/whatwg-url/-/whatwg-url-5.0.0.tgz. Extracting by manifest.
143 silly tarball no local data for setimmediate@https://registry.npmjs.org/setimmediate/-/setimmediate-1.0.5.tgz. Extracting by manifest.
144 silly tarball no local data for ua-parser-js@https://registry.npmjs.org/ua-parser-js/-/ua-parser-js-1.0.41.tgz. Extracting by manifest.
145 silly tarball no local data for fbjs-css-vars@https://registry.npmjs.org/fbjs-css-vars/-/fbjs-css-vars-1.0.2.tgz. Extracting by manifest.
146 silly tarball no local data for node-fetch@https://registry.npmjs.org/node-fetch/-/node-fetch-2.7.0.tgz. Extracting by manifest.
147 silly tarball no local data for styleq@https://registry.npmjs.org/styleq/-/styleq-0.1.3.tgz. Extracting by manifest.
148 silly tarball no local data for cross-fetch@https://registry.npmjs.org/cross-fetch/-/cross-fetch-3.2.0.tgz. Extracting by manifest.
149 silly tarball no local data for postcss-value-parser@https://registry.npmjs.org/postcss-value-parser/-/postcss-value-parser-4.2.0.tgz. Extracting by manifest.
150 silly tarball no local data for inline-style-prefixer@https://registry.npmjs.org/inline-style-prefixer/-/inline-style-prefixer-7.0.1.tgz. Extracting by manifest.
151 silly tarball no local data for fbjs@https://registry.npmjs.org/fbjs/-/fbjs-3.0.5.tgz. Extracting by manifest.
152 silly tarball no local data for react-dom@https://registry.npmjs.org/react-dom/-/react-dom-19.1.0.tgz. Extracting by manifest.
153 silly tarball no local data for react-native-web@https://registry.npmjs.org/react-native-web/-/react-native-web-0.21.2.tgz. Extracting by manifest.
154 silly tarball no local data for webidl-conversions@https://registry.npmjs.org/webidl-conversions/-/webidl-conversions-3.0.1.tgz. Extracting by manifest.
155 silly tarball no local data for promise@https://registry.npmjs.org/promise/-/promise-7.3.1.tgz. Extracting by manifest.
156 silly tarball no local data for memoize-one@https://registry.npmjs.org/memoize-one/-/memoize-one-6.0.0.tgz. Extracting by manifest.
157 silly tarball no local data for @react-native/normalize-colors@https://registry.npmjs.org/@react-native/normalize-colors/-/normalize-colors-0.74.89.tgz. Extracting by manifest.
158 http fetch GET 200 https://registry.npmjs.org/whatwg-url/-/whatwg-url-5.0.0.tgz 216ms (cache miss)
159 http fetch GET 200 https://registry.npmjs.org/hyphenate-style-name/-/hyphenate-style-name-1.1.0.tgz 236ms (cache miss)
160 http fetch GET 200 https://registry.npmjs.org/setimmediate/-/setimmediate-1.0.5.tgz 235ms (cache miss)
161 http fetch GET 200 https://registry.npmjs.org/webidl-conversions/-/webidl-conversions-3.0.1.tgz 285ms (cache miss)
162 http fetch GET 200 https://registry.npmjs.org/memoize-one/-/memoize-one-6.0.0.tgz 250ms (cache miss)
163 http fetch POST 200 https://registry.npmjs.org/-/npm/v1/security/advisories/bulk 342ms
164 silly audit report {
164 silly audit report   postcss: [
164 silly audit report     {
164 silly audit report       id: 1117015,
164 silly audit report       url: 'https://github.com/advisories/GHSA-qx2v-qp2m-jg93',
164 silly audit report       title: 'PostCSS has XSS via Unescaped </style> in its CSS Stringify Output',
164 silly audit report       severity: 'moderate',
164 silly audit report       vulnerable_versions: '<8.5.10',
164 silly audit report       cwe: [Array],
164 silly audit report       cvss: [Object]
164 silly audit report     }
164 silly audit report   ],
164 silly audit report   uuid: [
164 silly audit report     {
164 silly audit report       id: 1119441,
164 silly audit report       url: 'https://github.com/advisories/GHSA-w5hq-g745-h8pq',
164 silly audit report       title: 'uuid: Missing buffer bounds check in v3/v5/v6 when buf is provided',
164 silly audit report       severity: 'moderate',
164 silly audit report       vulnerable_versions: '<11.1.1',
164 silly audit report       cwe: [Array],
164 silly audit report       cvss: [Object]
164 silly audit report     }
164 silly audit report   ]
164 silly audit report }
165 silly packumentCache corgi:https://registry.npmjs.org/postcss cache-miss
166 silly packumentCache corgi:https://registry.npmjs.org/uuid cache-miss
167 http fetch GET 200 https://registry.npmjs.org/fbjs-css-vars/-/fbjs-css-vars-1.0.2.tgz 384ms (cache miss)
168 http fetch GET 200 https://registry.npmjs.org/styleq/-/styleq-0.1.3.tgz 484ms (cache miss)
169 http fetch GET 200 https://registry.npmjs.org/tr46/-/tr46-0.0.3.tgz 499ms (cache miss)
170 http fetch GET 200 https://registry.npmjs.org/css-in-js-utils/-/css-in-js-utils-3.1.0.tgz 499ms (cache miss)
171 http fetch GET 200 https://registry.npmjs.org/postcss-value-parser/-/postcss-value-parser-4.2.0.tgz 489ms (cache miss)
172 http fetch GET 200 https://registry.npmjs.org/@react-native/normalize-colors/-/normalize-colors-0.74.89.tgz 454ms (cache miss)
173 http fetch GET 200 https://registry.npmjs.org/ua-parser-js/-/ua-parser-js-1.0.41.tgz 516ms (cache miss)
174 http fetch GET 200 https://registry.npmjs.org/promise/-/promise-7.3.1.tgz 464ms (cache miss)
175 http fetch GET 200 https://registry.npmjs.org/cross-fetch/-/cross-fetch-3.2.0.tgz 521ms (cache miss)
176 http fetch GET 200 https://registry.npmjs.org/node-fetch/-/node-fetch-2.7.0.tgz 526ms (cache miss)
177 http fetch GET 200 https://registry.npmjs.org/inline-style-prefixer/-/inline-style-prefixer-7.0.1.tgz 563ms (cache miss)
178 http fetch GET 200 https://registry.npmjs.org/fbjs/-/fbjs-3.0.5.tgz 714ms (cache miss)
179 http fetch GET 200 https://registry.npmjs.org/react-dom/-/react-dom-19.1.0.tgz 788ms (cache miss)
180 http fetch GET 200 https://registry.npmjs.org/uuid 558ms (cache revalidated)
181 silly packumentCache corgi:https://registry.npmjs.org/uuid set size:81812 disposed:false
182 http fetch GET 200 https://registry.npmjs.org/postcss 608ms (cache revalidated)
183 silly packumentCache corgi:https://registry.npmjs.org/postcss set size:344717 disposed:false
184 silly packumentCache corgi:https://registry.npmjs.org/@expo%2fmetro-config cache-miss
185 http fetch GET 200 https://registry.npmjs.org/react-native-web/-/react-native-web-0.21.2.tgz 1656ms (cache miss)
186 http fetch GET 200 https://registry.npmjs.org/@expo%2fmetro-config 1617ms (cache revalidated)
187 silly packumentCache corgi:https://registry.npmjs.org/@expo%2fmetro-config set size:579390 disposed:false
188 silly packumentCache corgi:https://registry.npmjs.org/xcode cache-miss
189 http fetch GET 200 https://registry.npmjs.org/xcode 590ms (cache revalidated)
190 silly packumentCache corgi:https://registry.npmjs.org/xcode set size:1850340 disposed:false
191 silly packumentCache corgi:https://registry.npmjs.org/expo cache-miss
192 silly packumentCache corgi:https://registry.npmjs.org/@expo%2fcli cache-miss
193 http fetch GET 200 https://registry.npmjs.org/expo 601ms (cache revalidated)
194 silly packumentCache corgi:https://registry.npmjs.org/expo set size:1759675 disposed:false
195 http fetch GET 200 https://registry.npmjs.org/@expo%2fcli 911ms (cache revalidated)
196 silly packumentCache corgi:https://registry.npmjs.org/@expo%2fcli set size:1629723 disposed:false
197 silly packumentCache corgi:https://registry.npmjs.org/@expo%2fconfig-plugins cache-miss
198 http fetch GET 200 https://registry.npmjs.org/@expo%2fconfig-plugins 827ms (cache revalidated)
199 silly packumentCache corgi:https://registry.npmjs.org/@expo%2fconfig-plugins set size:411871 disposed:false
200 silly packumentCache corgi:https://registry.npmjs.org/babel-preset-expo cache-miss
201 silly packumentCache corgi:https://registry.npmjs.org/expo-asset cache-miss
202 silly packumentCache corgi:https://registry.npmjs.org/expo-constants cache-miss
203 silly packumentCache corgi:https://registry.npmjs.org/@expo%2fprebuild-config cache-miss
204 silly packumentCache corgi:https://registry.npmjs.org/expo-file-system cache-miss
205 silly packumentCache corgi:https://registry.npmjs.org/expo-font cache-miss
206 silly packumentCache corgi:https://registry.npmjs.org/expo-keep-awake cache-miss
207 http fetch GET 200 https://registry.npmjs.org/expo-asset 510ms (cache revalidated)
208 silly packumentCache corgi:https://registry.npmjs.org/expo-asset set size:303185 disposed:false
209 http fetch GET 200 https://registry.npmjs.org/expo-file-system 604ms (cache revalidated)
210 silly packumentCache corgi:https://registry.npmjs.org/expo-file-system set size:290446 disposed:false
211 http fetch GET 200 https://registry.npmjs.org/expo-keep-awake 609ms (cache revalidated)
212 silly packumentCache corgi:https://registry.npmjs.org/expo-keep-awake set size:189196 disposed:false
213 http fetch GET 200 https://registry.npmjs.org/expo-constants 621ms (cache revalidated)
214 silly packumentCache corgi:https://registry.npmjs.org/expo-constants set size:288863 disposed:false
215 http fetch GET 200 https://registry.npmjs.org/babel-preset-expo 632ms (cache revalidated)
216 silly packumentCache corgi:https://registry.npmjs.org/babel-preset-expo set size:539150 disposed:false
217 http fetch GET 200 https://registry.npmjs.org/expo-font 633ms (cache revalidated)
218 silly packumentCache corgi:https://registry.npmjs.org/expo-font set size:240224 disposed:false
219 http fetch GET 200 https://registry.npmjs.org/@expo%2fprebuild-config 1024ms (cache revalidated)
220 silly packumentCache corgi:https://registry.npmjs.org/@expo%2fprebuild-config set size:380560 disposed:false
221 silly packumentCache corgi:https://registry.npmjs.org/@expo%2fconfig cache-miss
222 http fetch GET 200 https://registry.npmjs.org/@expo%2fconfig 794ms (cache revalidated)
223 silly packumentCache corgi:https://registry.npmjs.org/@expo%2fconfig set size:541492 disposed:false
224 silly ADD node_modules/tr46
225 silly ADD node_modules/whatwg-url
226 silly ADD node_modules/whatwg-url/node_modules/webidl-conversions
227 silly ADD node_modules/hyphenate-style-name
228 silly ADD node_modules/css-in-js-utils
229 silly ADD node_modules/node-fetch
230 silly ADD node_modules/ua-parser-js
231 silly ADD node_modules/setimmediate
232 silly ADD node_modules/fbjs-css-vars
233 silly ADD node_modules/cross-fetch
234 silly ADD node_modules/styleq
235 silly ADD node_modules/postcss-value-parser
236 silly ADD node_modules/inline-style-prefixer
237 silly ADD node_modules/fbjs
238 silly ADD node_modules/fbjs/node_modules/promise
239 silly ADD node_modules/react-native-web
240 silly ADD node_modules/react-native-web/node_modules/memoize-one
241 silly ADD node_modules/react-native-web/node_modules/@react-native/normalize-colors
242 silly ADD node_modules/react-dom
243 silly ADD
244 silly ADD
245 silly ADD
246 silly ADD
247 silly ADD
248 silly ADD
249 silly ADD
250 silly ADD
251 silly ADD
252 silly ADD
253 verbose cwd /Users/nikitabushuev/WebstormProjects/ReactNativeDebtor
254 verbose os Darwin 24.6.0
255 verbose node v20.19.4
256 verbose npm  v10.8.2
257 verbose exit 0
258 info ok
