0 verbose cli /Users/nikitabushuev/.nvm/versions/node/v20.19.4/bin/node /Users/nikitabushuev/.nvm/versions/node/v20.19.4/bin/npm
1 info using npm@10.8.2
2 info using node@v20.19.4
3 silly config load:file:/Users/nikitabushuev/.nvm/versions/node/v20.19.4/lib/node_modules/npm/npmrc
4 silly config load:file:/Users/nikitabushuev/WebstormProjects/ReactNativeDebtor/.npmrc
5 silly config load:file:/Users/nikitabushuev/.npmrc
6 silly config load:file:/Users/nikitabushuev/.nvm/versions/node/v20.19.4/etc/npmrc
7 verbose title npm install babel-preset-expo@~54.0.11
8 verbose argv "install" "--save-dev" "babel-preset-expo@~54.0.11" "--cache" ".tmp/npm-cache"
9 verbose logfile logs-max:10 dir:/Users/nikitabushuev/WebstormProjects/ReactNativeDebtor/.tmp/npm-cache/_logs/2026-06-02T11_11_45_956Z-
10 verbose logfile /Users/nikitabushuev/WebstormProjects/ReactNativeDebtor/.tmp/npm-cache/_logs/2026-06-02T11_11_45_956Z-debug-0.log
11 silly packumentCache heap:4345298944 maxSize:1086324736 maxEntrySize:543162368
12 silly logfile done cleaning log files
13 silly idealTree buildDeps
14 silly fetch manifest babel-preset-expo@~54.0.11
15 silly packumentCache full:https://registry.npmjs.org/babel-preset-expo cache-miss
16 http fetch GET 200 https://registry.npmjs.org/npm 683ms
17 http fetch GET 200 https://registry.npmjs.org/babel-preset-expo 345ms (cache miss)
18 silly packumentCache full:https://registry.npmjs.org/babel-preset-expo set size:undefined disposed:false
19 silly fetch manifest @babel/runtime@^7.20.0
20 silly packumentCache full:https://registry.npmjs.org/@babel%2fruntime cache-miss
21 http fetch GET 200 https://registry.npmjs.org/@babel%2fruntime 511ms (cache miss)
22 silly packumentCache full:https://registry.npmjs.org/@babel%2fruntime set size:undefined disposed:false
23 silly fetch manifest expo@~54.0.35
24 silly packumentCache full:https://registry.npmjs.org/expo cache-miss
25 http fetch GET 200 https://registry.npmjs.org/expo 510ms (cache miss)
26 silly packumentCache full:https://registry.npmjs.org/expo set size:undefined disposed:false
27 silly fetch manifest @expo/dom-webview@*
28 silly packumentCache full:https://registry.npmjs.org/@expo%2fdom-webview cache-miss
29 http fetch GET 200 https://registry.npmjs.org/@expo%2fdom-webview 720ms (cache miss)
30 silly packumentCache full:https://registry.npmjs.org/@expo%2fdom-webview set size:undefined disposed:false
31 silly fetch manifest react@19.1.0
32 silly packumentCache full:https://registry.npmjs.org/react cache-miss
33 http fetch GET 200 https://registry.npmjs.org/react 655ms (cache miss)
34 silly packumentCache full:https://registry.npmjs.org/react set size:undefined disposed:false
35 silly fetch manifest react-native@0.81.5
36 silly packumentCache full:https://registry.npmjs.org/react-native cache-miss
37 http fetch GET 200 https://registry.npmjs.org/react-native 364ms (cache miss)
38 silly packumentCache full:https://registry.npmjs.org/react-native set size:undefined disposed:false
39 silly fetch manifest @types/react@~19.1.8
40 silly packumentCache full:https://registry.npmjs.org/@types%2freact cache-miss
41 http fetch GET 200 https://registry.npmjs.org/@types%2freact 206ms (cache miss)
42 silly packumentCache full:https://registry.npmjs.org/@types%2freact set size:undefined disposed:false
43 silly fetch manifest @expo/metro-runtime@*
44 silly packumentCache full:https://registry.npmjs.org/@expo%2fmetro-runtime cache-miss
45 http fetch GET 200 https://registry.npmjs.org/@expo%2fmetro-runtime 747ms (cache miss)
46 silly packumentCache full:https://registry.npmjs.org/@expo%2fmetro-runtime set size:undefined disposed:false
47 silly fetch manifest react-dom@*
48 silly packumentCache full:https://registry.npmjs.org/react-dom cache-miss
49 http fetch GET 200 https://registry.npmjs.org/react-dom 588ms (cache miss)
50 silly packumentCache full:https://registry.npmjs.org/react-dom set size:undefined disposed:false
51 silly fetch manifest react@^19.2.7
52 silly packumentCache full:https://registry.npmjs.org/react cache-miss
53 http fetch GET 200 https://registry.npmjs.org/react 45ms (cache hit)
54 silly packumentCache full:https://registry.npmjs.org/react set size:6679468 disposed:false
55 silly fetch manifest react-native-webview@*
56 silly packumentCache full:https://registry.npmjs.org/react-native-webview cache-miss
57 http fetch GET 200 https://registry.npmjs.org/react-native-webview 431ms (cache miss)
58 silly packumentCache full:https://registry.npmjs.org/react-native-webview set size:undefined disposed:false
59 silly fetch manifest react-refresh@>=0.14.0 <1.0.0
60 silly packumentCache full:https://registry.npmjs.org/react-refresh cache-miss
61 http fetch GET 200 https://registry.npmjs.org/react-refresh 205ms (cache miss)
62 silly packumentCache full:https://registry.npmjs.org/react-refresh set size:undefined disposed:false
63 silly placeDep ROOT babel-preset-expo@54.0.11 OK for: react-native-debtor@1.0.0 want: ~54.0.11
64 silly fetch manifest @react-native/babel-preset@0.81.5
65 silly packumentCache full:https://registry.npmjs.org/@react-native%2fbabel-preset cache-miss
66 http fetch GET 200 https://registry.npmjs.org/@react-native%2fbabel-preset 902ms (cache miss)
67 silly packumentCache full:https://registry.npmjs.org/@react-native%2fbabel-preset set size:undefined disposed:false
68 silly placeDep ROOT @react-native/babel-preset@0.81.5 OK for: babel-preset-expo@54.0.11 want: 0.81.5
69 silly fetch manifest @babel/plugin-transform-for-of@^7.24.7
70 silly packumentCache full:https://registry.npmjs.org/@babel%2fplugin-transform-for-of cache-miss
71 silly fetch manifest @babel/plugin-transform-spread@^7.24.7
72 silly packumentCache full:https://registry.npmjs.org/@babel%2fplugin-transform-spread cache-miss
73 silly fetch manifest @babel/plugin-transform-classes@^7.25.4
74 silly packumentCache full:https://registry.npmjs.org/@babel%2fplugin-transform-classes cache-miss
75 silly fetch manifest @babel/plugin-transform-literals@^7.25.2
76 silly packumentCache full:https://registry.npmjs.org/@babel%2fplugin-transform-literals cache-miss
77 silly fetch manifest @react-native/babel-plugin-codegen@0.81.5
78 silly packumentCache full:https://registry.npmjs.org/@react-native%2fbabel-plugin-codegen cache-miss
79 silly fetch manifest @babel/plugin-syntax-dynamic-import@^7.8.3
80 silly packumentCache full:https://registry.npmjs.org/@babel%2fplugin-syntax-dynamic-import cache-miss
81 silly fetch manifest @babel/plugin-transform-regenerator@^7.24.7
82 silly packumentCache full:https://registry.npmjs.org/@babel%2fplugin-transform-regenerator cache-miss
83 http fetch GET 200 https://registry.npmjs.org/@babel%2fplugin-transform-for-of 99ms (cache miss)
84 silly packumentCache full:https://registry.npmjs.org/@babel%2fplugin-transform-for-of set size:undefined disposed:false
85 silly fetch manifest @babel/plugin-transform-sticky-regex@^7.24.7
86 silly packumentCache full:https://registry.npmjs.org/@babel%2fplugin-transform-sticky-regex cache-miss
87 http fetch GET 200 https://registry.npmjs.org/@babel%2fplugin-transform-spread 101ms (cache miss)
88 silly packumentCache full:https://registry.npmjs.org/@babel%2fplugin-transform-spread set size:undefined disposed:false
89 silly fetch manifest @babel/plugin-transform-block-scoping@^7.25.0
90 silly packumentCache full:https://registry.npmjs.org/@babel%2fplugin-transform-block-scoping cache-miss
91 http fetch GET 200 https://registry.npmjs.org/@babel%2fplugin-transform-literals 164ms (cache miss)
92 silly packumentCache full:https://registry.npmjs.org/@babel%2fplugin-transform-literals set size:undefined disposed:false
93 silly fetch manifest @babel/plugin-transform-function-name@^7.25.1
94 silly packumentCache full:https://registry.npmjs.org/@babel%2fplugin-transform-function-name cache-miss
95 http fetch GET 200 https://registry.npmjs.org/@babel%2fplugin-transform-regenerator 175ms (cache miss)
96 silly packumentCache full:https://registry.npmjs.org/@babel%2fplugin-transform-regenerator set size:undefined disposed:false
97 silly fetch manifest @babel/plugin-transform-unicode-regex@^7.24.7
98 silly packumentCache full:https://registry.npmjs.org/@babel%2fplugin-transform-unicode-regex cache-miss
99 http fetch GET 200 https://registry.npmjs.org/@babel%2fplugin-transform-sticky-regex 90ms (cache miss)
100 silly packumentCache full:https://registry.npmjs.org/@babel%2fplugin-transform-sticky-regex set size:undefined disposed:false
101 silly fetch manifest @babel/plugin-transform-react-jsx-self@^7.24.7
102 silly packumentCache full:https://registry.npmjs.org/@babel%2fplugin-transform-react-jsx-self cache-miss
103 http fetch GET 200 https://registry.npmjs.org/@babel%2fplugin-transform-block-scoping 96ms (cache miss)
104 silly packumentCache full:https://registry.npmjs.org/@babel%2fplugin-transform-block-scoping set size:undefined disposed:false
105 silly fetch manifest @babel/plugin-transform-arrow-functions@^7.24.7
106 silly packumentCache full:https://registry.npmjs.org/@babel%2fplugin-transform-arrow-functions cache-miss
107 http fetch GET 200 https://registry.npmjs.org/@babel%2fplugin-transform-classes 207ms (cache miss)
108 silly packumentCache full:https://registry.npmjs.org/@babel%2fplugin-transform-classes set size:undefined disposed:false
109 silly fetch manifest @babel/plugin-transform-class-properties@^7.25.4
110 silly packumentCache full:https://registry.npmjs.org/@babel%2fplugin-transform-class-properties cache-miss
111 http fetch GET 200 https://registry.npmjs.org/@babel%2fplugin-transform-function-name 61ms (cache miss)
112 silly packumentCache full:https://registry.npmjs.org/@babel%2fplugin-transform-function-name set size:undefined disposed:false
113 silly fetch manifest @babel/plugin-transform-react-jsx-source@^7.24.7
114 silly packumentCache full:https://registry.npmjs.org/@babel%2fplugin-transform-react-jsx-source cache-miss
115 http fetch GET 200 https://registry.npmjs.org/@babel%2fplugin-transform-unicode-regex 65ms (cache miss)
116 silly packumentCache full:https://registry.npmjs.org/@babel%2fplugin-transform-unicode-regex set size:undefined disposed:false
117 silly fetch manifest @babel/plugin-transform-numeric-separator@^7.24.7
118 silly packumentCache full:https://registry.npmjs.org/@babel%2fplugin-transform-numeric-separator cache-miss
119 http fetch GET 200 https://registry.npmjs.org/@babel%2fplugin-transform-class-properties 59ms (cache miss)
120 silly packumentCache full:https://registry.npmjs.org/@babel%2fplugin-transform-class-properties set size:undefined disposed:false
121 silly fetch manifest @babel/plugin-transform-optional-chaining@^7.24.8
122 silly packumentCache full:https://registry.npmjs.org/@babel%2fplugin-transform-optional-chaining cache-miss
123 http fetch GET 200 https://registry.npmjs.org/@babel%2fplugin-transform-react-jsx-source 54ms (cache miss)
124 silly packumentCache full:https://registry.npmjs.org/@babel%2fplugin-transform-react-jsx-source set size:undefined disposed:false
125 silly fetch manifest @babel/plugin-transform-async-to-generator@^7.24.7
126 silly packumentCache full:https://registry.npmjs.org/@babel%2fplugin-transform-async-to-generator cache-miss
127 http fetch GET 200 https://registry.npmjs.org/@babel%2fplugin-transform-numeric-separator 67ms (cache miss)
128 silly packumentCache full:https://registry.npmjs.org/@babel%2fplugin-transform-numeric-separator set size:undefined disposed:false
129 silly fetch manifest @babel/plugin-transform-computed-properties@^7.24.7
130 silly packumentCache full:https://registry.npmjs.org/@babel%2fplugin-transform-computed-properties cache-miss
131 http fetch GET 200 https://registry.npmjs.org/@babel%2fplugin-transform-async-to-generator 57ms (cache miss)
132 silly packumentCache full:https://registry.npmjs.org/@babel%2fplugin-transform-async-to-generator set size:undefined disposed:false
133 silly fetch manifest @babel/plugin-transform-shorthand-properties@^7.24.7
134 silly packumentCache full:https://registry.npmjs.org/@babel%2fplugin-transform-shorthand-properties cache-miss
135 http fetch GET 200 https://registry.npmjs.org/@babel%2fplugin-transform-shorthand-properties 66ms (cache miss)
136 silly packumentCache full:https://registry.npmjs.org/@babel%2fplugin-transform-shorthand-properties set size:undefined disposed:false
137 silly fetch manifest @babel/plugin-transform-optional-catch-binding@^7.24.7
138 silly packumentCache full:https://registry.npmjs.org/@babel%2fplugin-transform-optional-catch-binding cache-miss
139 http fetch GET 200 https://registry.npmjs.org/@babel%2fplugin-transform-optional-catch-binding 70ms (cache miss)
140 silly packumentCache full:https://registry.npmjs.org/@babel%2fplugin-transform-optional-catch-binding set size:undefined disposed:false
141 silly fetch manifest @babel/plugin-transform-async-generator-functions@^7.25.4
142 silly packumentCache full:https://registry.npmjs.org/@babel%2fplugin-transform-async-generator-functions cache-miss
143 http fetch GET 200 https://registry.npmjs.org/@babel%2fplugin-transform-react-jsx-self 342ms (cache miss)
144 silly packumentCache full:https://registry.npmjs.org/@babel%2fplugin-transform-react-jsx-self set size:undefined disposed:false
145 silly fetch manifest @babel/plugin-transform-nullish-coalescing-operator@^7.24.7
146 silly packumentCache full:https://registry.npmjs.org/@babel%2fplugin-transform-nullish-coalescing-operator cache-miss
147 http fetch GET 200 https://registry.npmjs.org/@babel%2fplugin-transform-async-generator-functions 56ms (cache miss)
148 silly packumentCache full:https://registry.npmjs.org/@babel%2fplugin-transform-async-generator-functions set size:undefined disposed:false
149 silly fetch manifest @babel/plugin-transform-logical-assignment-operators@^7.24.7
150 silly packumentCache full:https://registry.npmjs.org/@babel%2fplugin-transform-logical-assignment-operators cache-miss
151 http fetch GET 200 https://registry.npmjs.org/@babel%2fplugin-transform-arrow-functions 365ms (cache miss)
152 silly packumentCache full:https://registry.npmjs.org/@babel%2fplugin-transform-arrow-functions set size:undefined disposed:false
153 silly fetch manifest @babel/plugin-transform-named-capturing-groups-regex@^7.24.7
154 silly packumentCache full:https://registry.npmjs.org/@babel%2fplugin-transform-named-capturing-groups-regex cache-miss
155 http fetch GET 200 https://registry.npmjs.org/@babel%2fplugin-transform-nullish-coalescing-operator 62ms (cache miss)
156 silly packumentCache full:https://registry.npmjs.org/@babel%2fplugin-transform-nullish-coalescing-operator set size:undefined disposed:false
157 http fetch GET 200 https://registry.npmjs.org/@babel%2fplugin-transform-named-capturing-groups-regex 49ms (cache miss)
158 silly packumentCache full:https://registry.npmjs.org/@babel%2fplugin-transform-named-capturing-groups-regex set size:undefined disposed:false
159 http fetch GET 200 https://registry.npmjs.org/@babel%2fplugin-transform-optional-chaining 367ms (cache miss)
160 silly packumentCache full:https://registry.npmjs.org/@babel%2fplugin-transform-optional-chaining set size:undefined disposed:false
161 http fetch GET 200 https://registry.npmjs.org/@babel%2fplugin-transform-computed-properties 338ms (cache miss)
162 silly packumentCache full:https://registry.npmjs.org/@babel%2fplugin-transform-computed-properties set size:undefined disposed:false
163 http fetch GET 200 https://registry.npmjs.org/@babel%2fplugin-syntax-dynamic-import 746ms (cache miss)
164 silly packumentCache full:https://registry.npmjs.org/@babel%2fplugin-syntax-dynamic-import set size:undefined disposed:false
165 http fetch GET 200 https://registry.npmjs.org/@react-native%2fbabel-plugin-codegen 907ms (cache miss)
166 silly packumentCache full:https://registry.npmjs.org/@react-native%2fbabel-plugin-codegen set size:undefined disposed:false
167 http fetch GET 200 https://registry.npmjs.org/@babel%2fplugin-transform-logical-assignment-operators 380ms (cache miss)
168 silly packumentCache full:https://registry.npmjs.org/@babel%2fplugin-transform-logical-assignment-operators set size:undefined disposed:false
169 silly fetch manifest @babel/core@^7.25.2
170 silly packumentCache full:https://registry.npmjs.org/@babel%2fcore cache-miss
171 http fetch GET 200 https://registry.npmjs.org/@babel%2fcore 382ms (cache miss)
172 silly packumentCache full:https://registry.npmjs.org/@babel%2fcore set size:undefined disposed:false
173 silly placeDep ROOT @babel/plugin-syntax-dynamic-import@7.8.3 OK for: @react-native/babel-preset@0.81.5 want: ^7.8.3
174 silly placeDep ROOT @babel/plugin-transform-arrow-functions@7.29.7 OK for: @react-native/babel-preset@0.81.5 want: ^7.24.7
175 silly placeDep ROOT @babel/plugin-transform-async-generator-functions@7.29.7 OK for: @react-native/babel-preset@0.81.5 want: ^7.25.4
176 silly placeDep ROOT @babel/plugin-transform-async-to-generator@7.29.7 OK for: @react-native/babel-preset@0.81.5 want: ^7.24.7
177 silly placeDep ROOT @babel/plugin-transform-block-scoping@7.29.7 OK for: @react-native/babel-preset@0.81.5 want: ^7.25.0
178 silly placeDep ROOT @babel/plugin-transform-class-properties@7.29.7 OK for: @react-native/babel-preset@0.81.5 want: ^7.25.4
179 silly placeDep ROOT @babel/plugin-transform-classes@7.29.7 OK for: @react-native/babel-preset@0.81.5 want: ^7.25.4
180 silly placeDep ROOT @babel/plugin-transform-computed-properties@7.29.7 OK for: @react-native/babel-preset@0.81.5 want: ^7.24.7
181 silly placeDep ROOT @babel/plugin-transform-for-of@7.29.7 OK for: @react-native/babel-preset@0.81.5 want: ^7.24.7
182 silly placeDep ROOT @babel/plugin-transform-function-name@7.29.7 OK for: @react-native/babel-preset@0.81.5 want: ^7.25.1
183 silly placeDep ROOT @babel/plugin-transform-literals@7.29.7 OK for: @react-native/babel-preset@0.81.5 want: ^7.25.2
184 silly placeDep ROOT @babel/plugin-transform-logical-assignment-operators@7.29.7 OK for: @react-native/babel-preset@0.81.5 want: ^7.24.7
185 silly placeDep ROOT @babel/plugin-transform-named-capturing-groups-regex@7.29.7 OK for: @react-native/babel-preset@0.81.5 want: ^7.24.7
186 silly placeDep ROOT @babel/plugin-transform-nullish-coalescing-operator@7.29.7 OK for: @react-native/babel-preset@0.81.5 want: ^7.24.7
187 silly placeDep ROOT @babel/plugin-transform-numeric-separator@7.29.7 OK for: @react-native/babel-preset@0.81.5 want: ^7.24.7
188 silly placeDep ROOT @babel/plugin-transform-optional-catch-binding@7.29.7 OK for: @react-native/babel-preset@0.81.5 want: ^7.24.7
189 silly placeDep ROOT @babel/plugin-transform-optional-chaining@7.29.7 OK for: @react-native/babel-preset@0.81.5 want: ^7.24.8
190 silly placeDep ROOT @babel/plugin-transform-react-jsx-self@7.29.7 OK for: @react-native/babel-preset@0.81.5 want: ^7.24.7
191 silly placeDep ROOT @babel/plugin-transform-react-jsx-source@7.29.7 OK for: @react-native/babel-preset@0.81.5 want: ^7.24.7
192 silly placeDep ROOT @babel/plugin-transform-regenerator@7.29.7 OK for: @react-native/babel-preset@0.81.5 want: ^7.24.7
193 silly placeDep ROOT @babel/plugin-transform-shorthand-properties@7.29.7 OK for: @react-native/babel-preset@0.81.5 want: ^7.24.7
194 silly placeDep ROOT @babel/plugin-transform-spread@7.29.7 OK for: @react-native/babel-preset@0.81.5 want: ^7.24.7
195 silly placeDep ROOT @babel/plugin-transform-sticky-regex@7.29.7 OK for: @react-native/babel-preset@0.81.5 want: ^7.24.7
196 silly placeDep ROOT @babel/plugin-transform-unicode-regex@7.29.7 OK for: @react-native/babel-preset@0.81.5 want: ^7.24.7
197 silly placeDep ROOT @react-native/babel-plugin-codegen@0.81.5 OK for: @react-native/babel-preset@0.81.5 want: 0.81.5
198 silly fetch manifest @babel/helper-remap-async-to-generator@^7.29.7
199 silly packumentCache full:https://registry.npmjs.org/@babel%2fhelper-remap-async-to-generator cache-miss
200 silly fetch manifest @babel/helper-remap-async-to-generator@^7.29.7
201 silly packumentCache full:https://registry.npmjs.org/@babel%2fhelper-remap-async-to-generator cache-miss
202 silly fetch manifest @babel/helper-create-regexp-features-plugin@^7.29.7
203 silly packumentCache full:https://registry.npmjs.org/@babel%2fhelper-create-regexp-features-plugin cache-miss
204 silly fetch manifest @babel/helper-create-regexp-features-plugin@^7.29.7
205 silly packumentCache full:https://registry.npmjs.org/@babel%2fhelper-create-regexp-features-plugin cache-miss
206 http fetch GET 200 https://registry.npmjs.org/@babel%2fhelper-remap-async-to-generator 51ms (cache miss)
207 silly packumentCache full:https://registry.npmjs.org/@babel%2fhelper-remap-async-to-generator set size:undefined disposed:false
208 http fetch GET 200 https://registry.npmjs.org/@babel%2fhelper-remap-async-to-generator 68ms (cache miss)
209 silly packumentCache full:https://registry.npmjs.org/@babel%2fhelper-remap-async-to-generator set size:undefined disposed:false
210 http fetch GET 200 https://registry.npmjs.org/@babel%2fhelper-create-regexp-features-plugin 434ms (cache miss)
211 silly packumentCache full:https://registry.npmjs.org/@babel%2fhelper-create-regexp-features-plugin set size:undefined disposed:false
212 http fetch GET 200 https://registry.npmjs.org/@babel%2fhelper-create-regexp-features-plugin 436ms (cache miss)
213 silly packumentCache full:https://registry.npmjs.org/@babel%2fhelper-create-regexp-features-plugin set size:undefined disposed:false
214 silly fetch manifest @babel/core@^7.0.0-0
215 silly packumentCache full:https://registry.npmjs.org/@babel%2fcore cache-miss
216 http fetch GET 200 https://registry.npmjs.org/@babel%2fcore 17ms (cache hit)
217 silly packumentCache full:https://registry.npmjs.org/@babel%2fcore set size:779631 disposed:false
218 silly placeDep ROOT @babel/helper-remap-async-to-generator@7.29.7 OK for: @babel/plugin-transform-async-generator-functions@7.29.7 want: ^7.29.7
219 silly fetch manifest @babel/helper-wrap-function@^7.29.7
220 silly packumentCache full:https://registry.npmjs.org/@babel%2fhelper-wrap-function cache-miss
221 http fetch GET 200 https://registry.npmjs.org/@babel%2fhelper-wrap-function 67ms (cache miss)
222 silly packumentCache full:https://registry.npmjs.org/@babel%2fhelper-wrap-function set size:undefined disposed:false
223 silly placeDep ROOT @babel/helper-wrap-function@7.29.7 OK for: @babel/helper-remap-async-to-generator@7.29.7 want: ^7.29.7
224 silly fetch manifest @babel/core@^7.0.0
225 silly packumentCache full:https://registry.npmjs.org/@babel%2fcore cache-hit
226 silly placeDep ROOT @babel/helper-create-regexp-features-plugin@7.29.7 OK for: @babel/plugin-transform-named-capturing-groups-regex@7.29.7 want: ^7.29.7
227 silly fetch manifest regexpu-core@^6.3.1
228 silly packumentCache full:https://registry.npmjs.org/regexpu-core cache-miss
229 silly fetch manifest semver@^6.3.1
230 silly packumentCache full:https://registry.npmjs.org/semver cache-miss
231 http fetch GET 200 https://registry.npmjs.org/semver 48ms (cache miss)
232 silly packumentCache full:https://registry.npmjs.org/semver set size:undefined disposed:false
233 http fetch GET 200 https://registry.npmjs.org/regexpu-core 394ms (cache miss)
234 silly packumentCache full:https://registry.npmjs.org/regexpu-core set size:undefined disposed:false
235 silly placeDep ROOT regexpu-core@6.4.0 OK for: @babel/helper-create-regexp-features-plugin@7.29.7 want: ^6.3.1
236 silly placeDep node_modules/@babel/helper-create-regexp-features-plugin semver@6.3.1 OK for: @babel/helper-create-regexp-features-plugin@7.29.7 want: ^6.3.1
237 silly fetch manifest regenerate@^1.4.2
238 silly packumentCache full:https://registry.npmjs.org/regenerate cache-miss
239 silly fetch manifest regenerate-unicode-properties@^10.2.2
240 silly packumentCache full:https://registry.npmjs.org/regenerate-unicode-properties cache-miss
241 silly fetch manifest regjsgen@^0.8.0
242 silly packumentCache full:https://registry.npmjs.org/regjsgen cache-miss
243 silly fetch manifest regjsparser@^0.13.0
244 silly packumentCache full:https://registry.npmjs.org/regjsparser cache-miss
245 silly fetch manifest unicode-match-property-ecmascript@^2.0.0
246 silly packumentCache full:https://registry.npmjs.org/unicode-match-property-ecmascript cache-miss
247 silly fetch manifest unicode-match-property-value-ecmascript@^2.2.1
248 silly packumentCache full:https://registry.npmjs.org/unicode-match-property-value-ecmascript cache-miss
249 http fetch GET 200 https://registry.npmjs.org/regjsgen 41ms (cache miss)
250 silly packumentCache full:https://registry.npmjs.org/regjsgen set size:undefined disposed:false
251 http fetch GET 200 https://registry.npmjs.org/unicode-match-property-value-ecmascript 44ms (cache miss)
252 silly packumentCache full:https://registry.npmjs.org/unicode-match-property-value-ecmascript set size:undefined disposed:false
253 http fetch GET 200 https://registry.npmjs.org/regenerate-unicode-properties 48ms (cache miss)
254 silly packumentCache full:https://registry.npmjs.org/regenerate-unicode-properties set size:undefined disposed:false
255 http fetch GET 200 https://registry.npmjs.org/regenerate 51ms (cache miss)
256 silly packumentCache full:https://registry.npmjs.org/regenerate set size:undefined disposed:false
257 http fetch GET 200 https://registry.npmjs.org/unicode-match-property-ecmascript 54ms (cache miss)
258 silly packumentCache full:https://registry.npmjs.org/unicode-match-property-ecmascript set size:undefined disposed:false
259 http fetch GET 200 https://registry.npmjs.org/regjsparser 361ms (cache miss)
260 silly packumentCache full:https://registry.npmjs.org/regjsparser set size:undefined disposed:false
261 silly placeDep ROOT regenerate@1.4.2 OK for: regexpu-core@6.4.0 want: ^1.4.2
262 silly placeDep ROOT regenerate-unicode-properties@10.2.2 OK for: regexpu-core@6.4.0 want: ^10.2.2
263 silly placeDep ROOT regjsgen@0.8.0 OK for: regexpu-core@6.4.0 want: ^0.8.0
264 silly placeDep ROOT regjsparser@0.13.1 OK for: regexpu-core@6.4.0 want: ^0.13.0
265 silly placeDep ROOT unicode-match-property-ecmascript@2.0.0 OK for: regexpu-core@6.4.0 want: ^2.0.0
266 silly placeDep ROOT unicode-match-property-value-ecmascript@2.2.1 OK for: regexpu-core@6.4.0 want: ^2.2.1
267 silly fetch manifest unicode-canonical-property-names-ecmascript@^2.0.0
268 silly packumentCache full:https://registry.npmjs.org/unicode-canonical-property-names-ecmascript cache-miss
269 silly fetch manifest unicode-property-aliases-ecmascript@^2.0.0
270 silly packumentCache full:https://registry.npmjs.org/unicode-property-aliases-ecmascript cache-miss
271 http fetch GET 200 https://registry.npmjs.org/unicode-property-aliases-ecmascript 47ms (cache miss)
272 silly packumentCache full:https://registry.npmjs.org/unicode-property-aliases-ecmascript set size:undefined disposed:false
273 http fetch GET 200 https://registry.npmjs.org/unicode-canonical-property-names-ecmascript 338ms (cache miss)
274 silly packumentCache full:https://registry.npmjs.org/unicode-canonical-property-names-ecmascript set size:undefined disposed:false
275 silly placeDep ROOT unicode-canonical-property-names-ecmascript@2.0.1 OK for: unicode-match-property-ecmascript@2.0.0 want: ^2.0.0
276 silly placeDep ROOT unicode-property-aliases-ecmascript@2.2.0 OK for: unicode-match-property-ecmascript@2.0.0 want: ^2.0.0
277 silly reify mark retired [
277 silly reify   '/Users/nikitabushuev/WebstormProjects/ReactNativeDebtor/node_modules/expo/node_modules/@react-native/babel-plugin-codegen'
277 silly reify ]
278 silly reify mark retired [
278 silly reify   '/Users/nikitabushuev/WebstormProjects/ReactNativeDebtor/node_modules/expo/node_modules/@react-native/babel-preset'
278 silly reify ]
279 silly reify mark retired [
279 silly reify   '/Users/nikitabushuev/WebstormProjects/ReactNativeDebtor/node_modules/expo/node_modules/babel-preset-expo'
279 silly reify ]
280 silly reify moves {
280 silly reify   '/Users/nikitabushuev/WebstormProjects/ReactNativeDebtor/node_modules/expo/node_modules/@react-native/babel-plugin-codegen': '/Users/nikitabushuev/WebstormProjects/ReactNativeDebtor/node_modules/expo/node_modules/@react-native/.babel-plugin-codegen-9c2VUDjJ',
280 silly reify   '/Users/nikitabushuev/WebstormProjects/ReactNativeDebtor/node_modules/expo/node_modules/@react-native/babel-preset': '/Users/nikitabushuev/WebstormProjects/ReactNativeDebtor/node_modules/expo/node_modules/@react-native/.babel-preset-SQUYbBXh',
280 silly reify   '/Users/nikitabushuev/WebstormProjects/ReactNativeDebtor/node_modules/expo/node_modules/babel-preset-expo': '/Users/nikitabushuev/WebstormProjects/ReactNativeDebtor/node_modules/expo/node_modules/.babel-preset-expo-n0nWUym8'
280 silly reify }
281 silly audit bulk request {
281 silly audit   '@0no-co/graphql.web': [ '1.2.0' ],
281 silly audit   '@babel/code-frame': [ '7.10.4', '7.29.7' ],
281 silly audit   '@babel/compat-data': [ '7.29.7' ],
281 silly audit   '@babel/core': [ '7.29.7' ],
281 silly audit   semver: [ '6.3.1', '7.8.1' ],
281 silly audit   '@babel/generator': [ '7.29.7' ],
281 silly audit   '@babel/helper-annotate-as-pure': [ '7.29.7' ],
281 silly audit   '@babel/helper-compilation-targets': [ '7.29.7' ],
281 silly audit   '@babel/helper-create-class-features-plugin': [ '7.29.7' ],
281 silly audit   '@babel/helper-define-polyfill-provider': [ '0.6.8' ],
281 silly audit   '@babel/helper-globals': [ '7.29.7' ],
281 silly audit   '@babel/helper-member-expression-to-functions': [ '7.29.7' ],
281 silly audit   '@babel/helper-module-imports': [ '7.29.7' ],
281 silly audit   '@babel/helper-module-transforms': [ '7.29.7' ],
281 silly audit   '@babel/helper-optimise-call-expression': [ '7.29.7' ],
281 silly audit   '@babel/helper-plugin-utils': [ '7.29.7' ],
281 silly audit   '@babel/helper-replace-supers': [ '7.29.7' ],
281 silly audit   '@babel/helper-skip-transparent-expression-wrappers': [ '7.29.7' ],
281 silly audit   '@babel/helper-string-parser': [ '7.29.7' ],
281 silly audit   '@babel/helper-validator-identifier': [ '7.29.7' ],
281 silly audit   '@babel/helper-validator-option': [ '7.29.7' ],
281 silly audit   '@babel/helpers': [ '7.29.7' ],
281 silly audit   '@babel/highlight': [ '7.25.9' ],
281 silly audit   '@babel/parser': [ '7.29.7' ],
281 silly audit   '@babel/plugin-proposal-decorators': [ '7.29.7' ],
281 silly audit   '@babel/plugin-proposal-export-default-from': [ '7.29.7' ],
281 silly audit   '@babel/plugin-syntax-async-generators': [ '7.8.4' ],
281 silly audit   '@babel/plugin-syntax-bigint': [ '7.8.3' ],
281 silly audit   '@babel/plugin-syntax-class-properties': [ '7.12.13' ],
281 silly audit   '@babel/plugin-syntax-class-static-block': [ '7.14.5' ],
281 silly audit   '@babel/plugin-syntax-decorators': [ '7.29.7' ],
281 silly audit   '@babel/plugin-syntax-export-default-from': [ '7.29.7' ],
281 silly audit   '@babel/plugin-syntax-flow': [ '7.29.7' ],
281 silly audit   '@babel/plugin-syntax-import-attributes': [ '7.29.7' ],
281 silly audit   '@babel/plugin-syntax-import-meta': [ '7.10.4' ],
281 silly audit   '@babel/plugin-syntax-json-strings': [ '7.8.3' ],
281 silly audit   '@babel/plugin-syntax-jsx': [ '7.29.7' ],
281 silly audit   '@babel/plugin-syntax-logical-assignment-operators': [ '7.10.4' ],
281 silly audit   '@babel/plugin-syntax-nullish-coalescing-operator': [ '7.8.3' ],
281 silly audit   '@babel/plugin-syntax-numeric-separator': [ '7.10.4' ],
281 silly audit   '@babel/plugin-syntax-object-rest-spread': [ '7.8.3' ],
281 silly audit   '@babel/plugin-syntax-optional-catch-binding': [ '7.8.3' ],
281 silly audit   '@babel/plugin-syntax-optional-chaining': [ '7.8.3' ],
281 silly audit   '@babel/plugin-syntax-private-property-in-object': [ '7.14.5' ],
281 silly audit   '@babel/plugin-syntax-top-level-await': [ '7.14.5' ],
281 silly audit   '@babel/plugin-syntax-typescript': [ '7.29.7' ],
281 silly audit   '@babel/plugin-transform-class-static-block': [ '7.29.7' ],
281 silly audit   '@babel/plugin-transform-destructuring': [ '7.29.7' ],
281 silly audit   '@babel/plugin-transform-export-namespace-from': [ '7.29.7' ],
281 silly audit   '@babel/plugin-transform-flow-strip-types': [ '7.29.7' ],
281 silly audit   '@babel/plugin-transform-modules-commonjs': [ '7.29.7' ],
281 silly audit   '@babel/plugin-transform-object-rest-spread': [ '7.29.7' ],
281 silly audit   '@babel/plugin-transform-parameters': [ '7.29.7' ],
281 silly audit   '@babel/plugin-transform-private-methods': [ '7.29.7' ],
281 silly audit   '@babel/plugin-transform-private-property-in-object': [ '7.29.7' ],
281 silly audit   '@babel/plugin-transform-react-display-name': [ '7.29.7' ],
281 silly audit   '@babel/plugin-transform-react-jsx': [ '7.29.7' ],
281 silly audit   '@babel/plugin-transform-react-jsx-development': [ '7.29.7' ],
281 silly audit   '@babel/plugin-transform-react-pure-annotations': [ '7.29.7' ],
281 silly audit   '@babel/plugin-transform-runtime': [ '7.29.7' ],
281 silly audit   '@babel/plugin-transform-typescript': [ '7.29.7' ],
281 silly audit   '@babel/preset-react': [ '7.29.7' ],
281 silly audit   '@babel/preset-typescript': [ '7.29.7' ],
281 silly audit   '@babel/runtime': [ '7.29.7' ],
281 silly audit   '@babel/template': [ '7.29.7' ],
281 silly audit   '@babel/traverse': [ '7.29.7' ],
281 silly audit   '@babel/types': [ '7.29.7' ],
281 silly audit   '@expo/code-signing-certificates': [ '0.0.6' ],
281 silly audit   '@expo/config': [ '12.0.13' ],
281 silly audit   '@expo/config-plugins': [ '54.0.4' ],
281 silly audit   '@expo/json-file': [ '10.0.16', '10.2.0' ],
281 silly audit   'ansi-styles': [ '4.3.0', '3.2.1', '5.2.0' ],
281 silly audit   chalk: [ '4.1.2', '2.4.2' ],
281 silly audit   'color-convert': [ '2.0.1', '1.9.3' ],
281 silly audit   'color-name': [ '1.1.4', '1.1.3' ],
281 silly audit   'has-flag': [ '4.0.0', '3.0.0' ],
281 silly audit   'supports-color': [ '7.2.0', '8.1.1', '5.5.0' ],
281 silly audit   '@expo/config-types': [ '54.0.10' ],
281 silly audit   '@expo/devcert': [ '1.2.1' ],
281 silly audit   debug: [ '3.2.7', '2.6.9', '4.4.3' ],
281 silly audit   '@expo/devtools': [ '0.1.8' ],
281 silly audit   '@expo/env': [ '2.0.11' ],
281 silly audit   '@expo/fingerprint': [ '0.15.5' ],
281 silly audit   '@expo/image-utils': [ '0.8.14' ],
281 silly audit   '@expo/metro': [ '54.2.0' ],
281 silly audit   '@expo/osascript': [ '2.6.0' ],
281 silly audit   '@expo/package-manager': [ '1.12.1' ],
281 silly audit   '@expo/plist': [ '0.4.9' ],
281 silly audit   '@expo/require-utils': [ '55.0.5' ],
281 silly audit   '@expo/schema-utils': [ '0.1.8' ],
281 silly audit   '@expo/sdk-runtime-versions': [ '1.0.0' ],
281 silly audit   '@expo/spawn-async': [ '1.8.0' ],
281 silly audit   '@expo/sudo-prompt': [ '9.3.2' ],
281 silly audit   '@expo/ws-tunnel': [ '1.0.6' ],
281 silly audit   '@expo/xcpretty': [ '4.4.4' ],
281 silly audit   argparse: [ '2.0.1', '1.0.10' ],
281 silly audit   'js-yaml': [ '4.2.0', '3.14.2' ],
281 silly audit   '@isaacs/fs-minipass': [ '4.0.1' ],
281 silly audit   '@isaacs/ttlcache': [ '1.4.1' ],
281 silly audit   '@istanbuljs/load-nyc-config': [ '1.1.0' ],
281 silly audit   camelcase: [ '5.3.1', '6.3.0' ],
281 silly audit   '@istanbuljs/schema': [ '0.1.6' ],
281 silly audit   '@jest/create-cache-key-function': [ '29.7.0' ],
281 silly audit   '@jest/environment': [ '29.7.0' ],
281 silly audit   '@jest/fake-timers': [ '29.7.0' ],
281 silly audit   '@jest/schemas': [ '29.6.3' ],
281 silly audit   '@jest/transform': [ '29.7.0' ],
281 silly audit   '@jest/types': [ '29.6.3' ],
281 silly audit   '@jridgewell/gen-mapping': [ '0.3.13' ],
281 silly audit   '@jridgewell/remapping': [ '2.3.5' ],
281 silly audit   '@jridgewell/resolve-uri': [ '3.1.2' ],
281 silly audit   '@jridgewell/source-map': [ '0.3.11' ],
281 silly audit   '@jridgewell/sourcemap-codec': [ '1.5.5' ],
281 silly audit   '@jridgewell/trace-mapping': [ '0.3.31' ],
281 silly audit   '@react-native/assets-registry': [ '0.81.5' ],
281 silly audit   '@react-native/codegen': [ '0.81.5' ],
281 silly audit   'brace-expansion': [ '1.1.15', '5.0.6', '2.1.1' ],
281 silly audit   glob: [ '7.2.3', '13.0.6' ],
281 silly audit   minimatch: [ '3.1.5', '9.0.9', '10.2.5' ],
281 silly audit   '@react-native/community-cli-plugin': [ '0.81.5' ],
281 silly audit   '@react-native/debugger-frontend': [ '0.81.5' ],
281 silly audit   '@react-native/dev-middleware': [ '0.81.5' ],
281 silly audit   ws: [ '6.2.4', '8.21.0', '7.5.11' ],
281 silly audit   '@react-native/gradle-plugin': [ '0.81.5' ],
281 silly audit   '@react-native/js-polyfills': [ '0.81.5' ],
281 silly audit   '@react-native/normalize-colors': [ '0.81.5' ],
281 silly audit   '@sinclair/typebox': [ '0.27.10' ],
281 silly audit   '@sinonjs/commons': [ '3.0.1' ],
281 silly audit   '@sinonjs/fake-timers': [ '10.3.0' ],
281 silly audit   '@types/babel__core': [ '7.20.5' ],
281 silly audit   '@types/babel__generator': [ '7.27.0' ],
281 silly audit   '@types/babel__template': [ '7.4.4' ],
281 silly audit   '@types/babel__traverse': [ '7.28.0' ],
281 silly audit   '@types/graceful-fs': [ '4.1.9' ],
281 silly audit   '@types/istanbul-lib-coverage': [ '2.0.6' ],
281 silly audit   '@types/istanbul-lib-report': [ '3.0.3' ],
281 silly audit   '@types/istanbul-reports': [ '3.0.4' ],
281 silly audit   '@types/node': [ '25.9.1' ],
281 silly audit   '@types/react': [ '19.1.17' ],
281 silly audit   '@types/stack-utils': [ '2.0.3' ],
281 silly audit   '@types/yargs': [ '17.0.35' ],
281 silly audit   '@types/yargs-parser': [ '21.0.3' ],
281 silly audit   '@ungap/structured-clone': [ '1.3.1' ],
281 silly audit   '@urql/core': [ '5.2.0' ],
281 silly audit   '@urql/exchange-retry': [ '1.3.2' ],
281 silly audit   '@xmldom/xmldom': [ '0.8.13', '0.9.10' ],
281 silly audit   'abort-controller': [ '3.0.0' ],
281 silly audit   accepts: [ '1.3.8' ],
281 silly audit   acorn: [ '8.16.0' ],
281 silly audit   'agent-base': [ '7.1.4' ],
281 silly audit   anser: [ '1.4.10' ],
281 silly audit   'ansi-escapes': [ '4.3.2' ],
281 silly audit   'type-fest': [ '0.21.3', '0.7.1' ],
281 silly audit   'ansi-regex': [ '5.0.1', '4.1.1' ],
281 silly audit   'any-promise': [ '1.3.0' ],
281 silly audit   anymatch: [ '3.1.3' ],
281 silly audit   arg: [ '5.0.2' ],
281 silly audit   asap: [ '2.0.6' ],
281 silly audit   'async-limiter': [ '1.0.1' ],
281 silly audit   'babel-jest': [ '29.7.0' ],
281 silly audit   'babel-plugin-istanbul': [ '6.1.1' ],
281 silly audit   'babel-plugin-jest-hoist': [ '29.6.3' ],
281 silly audit   'babel-plugin-polyfill-corejs2': [ '0.4.17' ],
281 silly audit   'babel-plugin-polyfill-corejs3': [ '0.13.0' ],
281 silly audit   'babel-plugin-polyfill-regenerator': [ '0.6.8' ],
281 silly audit   'babel-plugin-react-compiler': [ '1.0.0' ],
281 silly audit   'babel-plugin-react-native-web': [ '0.21.2' ],
281 silly audit   'babel-plugin-syntax-hermes-parser': [ '0.29.1' ],
281 silly audit   'babel-plugin-transform-flow-enums': [ '0.0.2' ],
281 silly audit   'babel-preset-current-node-syntax': [ '1.2.0' ],
281 silly audit   'babel-preset-jest': [ '29.6.3' ],
281 silly audit   'balanced-match': [ '1.0.2', '4.0.4' ],
281 silly audit   'base64-js': [ '1.5.1' ],
281 silly audit   'baseline-browser-mapping': [ '2.10.33' ],
281 silly audit   'better-opn': [ '3.0.2' ],
281 silly audit   open: [ '8.4.2', '7.4.2' ],
281 silly audit   'big-integer': [ '1.6.52' ],
281 silly audit   'bplist-creator': [ '0.1.0' ],
281 silly audit   'bplist-parser': [ '0.3.1' ],
281 silly audit   braces: [ '3.0.3' ],
281 silly audit   browserslist: [ '4.28.2' ],
281 silly audit   bser: [ '2.1.1' ],
281 silly audit   buffer: [ '5.7.1' ],
281 silly audit   'buffer-from': [ '1.1.2' ],
281 silly audit   bytes: [ '3.1.2' ],
281 silly audit   'caniuse-lite': [ '1.0.30001793' ],
281 silly audit   chownr: [ '3.0.0' ],
281 silly audit   'chrome-launcher': [ '0.15.2' ],
281 silly audit   'escape-string-regexp': [ '4.0.0', '1.0.5', '2.0.0' ],
281 silly audit   'chromium-edge-launcher': [ '0.2.0' ],
281 silly audit   'ci-info': [ '2.0.0', '3.9.0' ],
281 silly audit   'cli-cursor': [ '2.1.0' ],
281 silly audit   'cli-spinners': [ '2.9.2' ],
281 silly audit   cliui: [ '8.0.1' ],
281 silly audit   clone: [ '1.0.4' ],
281 silly audit   commander: [ '7.2.0', '12.1.0', '4.1.1', '2.20.3' ],
281 silly audit   compressible: [ '2.0.18' ],
281 silly audit   compression: [ '1.8.1' ],
281 silly audit   ms: [ '2.0.0', '2.1.3' ],
281 silly audit   negotiator: [ '0.6.4', '0.6.3' ],
281 silly audit   'concat-map': [ '0.0.1' ],
281 silly audit   connect: [ '3.7.0' ],
281 silly audit   'convert-source-map': [ '2.0.0' ],
281 silly audit   'core-js-compat': [ '3.49.0' ],
281 silly audit   'cross-spawn': [ '7.0.6' ],
281 silly audit   csstype: [ '3.2.3' ],
281 silly audit   'deep-extend': [ '0.6.0' ],
281 silly audit   deepmerge: [ '4.3.1' ],
281 silly audit   defaults: [ '1.0.4' ],
281 silly audit   'define-lazy-prop': [ '2.0.0' ],
281 silly audit   depd: [ '2.0.0' ],
281 silly audit   destroy: [ '1.2.0' ],
281 silly audit   'detect-libc': [ '2.1.2' ],
281 silly audit   dotenv: [ '16.4.7' ],
281 silly audit   'dotenv-expand': [ '11.0.7' ],
281 silly audit   'ee-first': [ '1.1.1' ],
281 silly audit   'electron-to-chromium': [ '1.5.364' ],
281 silly audit   'emoji-regex': [ '8.0.0' ],
281 silly audit   encodeurl: [ '1.0.2', '2.0.0' ],
281 silly audit   'env-editor': [ '0.4.2' ],
281 silly audit   'error-stack-parser': [ '2.1.4' ],
281 silly audit   'es-errors': [ '1.3.0' ],
281 silly audit   escalade: [ '3.2.0' ],
281 silly audit   'escape-html': [ '1.0.3' ],
281 silly audit   esprima: [ '4.0.1' ],
281 silly audit   etag: [ '1.8.1' ],
281 silly audit   'event-target-shim': [ '5.0.1' ],
281 silly audit   expo: [ '54.0.35' ],
281 silly audit   'expo-modules-autolinking': [ '3.0.26' ],
281 silly audit   'expo-modules-core': [ '3.0.30' ],
281 silly audit   'expo-server': [ '1.0.7' ],
281 silly audit   'expo-status-bar': [ '3.0.9' ],
281 silly audit   '@expo/cli': [ '54.0.25' ],
281 silly audit   '@expo/prebuild-config': [ '54.0.8' ],
281 silly audit   '@expo/metro-config': [ '54.0.16' ],
281 silly audit   '@expo/vector-icons': [ '15.1.1' ],
281 silly audit   'babel-preset-expo': [ '54.0.11' ],
281 silly audit   'expo-asset': [ '12.0.13' ],
281 silly audit   'expo-constants': [ '18.0.13' ],
281 silly audit   'expo-file-system': [ '19.0.23' ],
281 silly audit   'expo-font': [ '14.0.12' ],
281 silly audit   'expo-keep-awake': [ '15.0.8' ],
281 silly audit   picomatch: [ '4.0.4', '2.3.2' ],
281 silly audit   'exponential-backoff': [ '3.1.3' ],
281 silly audit   'fast-json-stable-stringify': [ '2.1.0' ],
281 silly audit   'fb-watchman': [ '2.0.2' ],
281 silly audit   'fill-range': [ '7.1.1' ],
281 silly audit   finalhandler: [ '1.1.2' ],
281 silly audit   'find-up': [ '4.1.0' ],
281 silly audit   'flow-enums-runtime': [ '0.0.6' ],
281 silly audit   fontfaceobserver: [ '2.3.0' ],
281 silly audit   'freeport-async': [ '2.0.0' ],
281 silly audit   fresh: [ '0.5.2' ],
281 silly audit   'fs.realpath': [ '1.0.0' ],
281 silly audit   fsevents: [ '2.3.3' ],
281 silly audit   'function-bind': [ '1.1.2' ],
281 silly audit   gensync: [ '1.0.0-beta.2' ],
281 silly audit   'get-caller-file': [ '2.0.5' ],
281 silly audit   'get-package-type': [ '0.1.0' ],
281 silly audit   getenv: [ '2.0.0' ],
281 silly audit   'graceful-fs': [ '4.2.11' ],
281 silly audit   hasown: [ '2.0.4' ],
281 silly audit   'hermes-estree': [ '0.29.1', '0.32.0' ],
281 silly audit   'hermes-parser': [ '0.29.1', '0.32.0' ],
281 silly audit   'hosted-git-info': [ '7.0.2' ],
281 silly audit   'lru-cache': [ '10.4.3', '5.1.1', '11.5.1' ],
281 silly audit   'http-errors': [ '2.0.1' ],
281 silly audit   statuses: [ '2.0.2', '1.5.0' ],
281 silly audit   'https-proxy-agent': [ '7.0.6' ],
281 silly audit   ieee754: [ '1.2.1' ],
281 silly audit   ignore: [ '5.3.2' ],
281 silly audit   'image-size': [ '1.2.1' ],
281 silly audit   imurmurhash: [ '0.1.4' ],
281 silly audit   inflight: [ '1.0.6' ],
281 silly audit   inherits: [ '2.0.4' ],
281 silly audit   ini: [ '1.3.8' ],
281 silly audit   invariant: [ '2.2.4' ],
281 silly audit   'is-core-module': [ '2.16.2' ],
281 silly audit   'is-docker': [ '2.2.1' ],
281 silly audit   'is-fullwidth-code-point': [ '3.0.0' ],
281 silly audit   'is-number': [ '7.0.0' ],
281 silly audit   'is-wsl': [ '2.2.0' ],
281 silly audit   isexe: [ '2.0.0' ],
281 silly audit   'istanbul-lib-coverage': [ '3.2.2' ],
281 silly audit   'istanbul-lib-instrument': [ '5.2.1' ],
281 silly audit   'jest-environment-node': [ '29.7.0' ],
281 silly audit   'jest-get-type': [ '29.6.3' ],
281 silly audit   'jest-haste-map': [ '29.7.0' ],
281 silly audit   'jest-message-util': [ '29.7.0' ],
281 silly audit   'jest-mock': [ '29.7.0' ],
281 silly audit   'jest-regex-util': [ '29.6.3' ],
281 silly audit   'jest-util': [ '29.7.0' ],
281 silly audit   'jest-validate': [ '29.7.0' ],
281 silly audit   'jest-worker': [ '29.7.0' ],
281 silly audit   'jimp-compact': [ '0.16.1' ],
281 silly audit   'js-tokens': [ '4.0.0' ],
281 silly audit   'jsc-safe-url': [ '0.2.4' ],
281 silly audit   jsesc: [ '3.1.0' ],
281 silly audit   json5: [ '2.2.3' ],
281 silly audit   kleur: [ '3.0.3' ],
281 silly audit   'lan-network': [ '0.2.1' ],
281 silly audit   leven: [ '3.1.0' ],
281 silly audit   'lighthouse-logger': [ '1.4.2' ],
281 silly audit   lightningcss: [ '1.32.0' ],
281 silly audit   'lightningcss-android-arm64': [ '1.32.0' ],
281 silly audit   'lightningcss-darwin-arm64': [ '1.32.0' ],
281 silly audit   'lightningcss-darwin-x64': [ '1.32.0' ],
281 silly audit   'lightningcss-freebsd-x64': [ '1.32.0' ],
281 silly audit   'lightningcss-linux-arm-gnueabihf': [ '1.32.0' ],
281 silly audit   'lightningcss-linux-arm64-gnu': [ '1.32.0' ],
281 silly audit   'lightningcss-linux-arm64-musl': [ '1.32.0' ],
281 silly audit   'lightningcss-linux-x64-gnu': [ '1.32.0' ],
281 silly audit   'lightningcss-linux-x64-musl': [ '1.32.0' ],
281 silly audit   'lightningcss-win32-arm64-msvc': [ '1.32.0' ],
281 silly audit   'lightningcss-win32-x64-msvc': [ '1.32.0' ],
281 silly audit   'lines-and-columns': [ '1.2.4' ],
281 silly audit   'locate-path': [ '5.0.0' ],
281 silly audit   'lodash.debounce': [ '4.0.8' ],
281 silly audit   'lodash.throttle': [ '4.1.1' ],
281 silly audit   'log-symbols': [ '2.2.0' ],
281 silly audit   'loose-envify': [ '1.4.0' ],
281 silly audit   makeerror: [ '1.0.12' ],
281 silly audit   marky: [ '1.3.0' ],
281 silly audit   'memoize-one': [ '5.2.1' ],
281 silly audit   'merge-stream': [ '2.0.0' ],
281 silly audit   metro: [ '0.83.3' ],
281 silly audit   'metro-babel-transformer': [ '0.83.3' ],
281 silly audit   'metro-cache': [ '0.83.3' ],
281 silly audit   'metro-cache-key': [ '0.83.3' ],
281 silly audit   'metro-config': [ '0.83.3' ],
281 silly audit   'metro-core': [ '0.83.3' ],
281 silly audit   'metro-file-map': [ '0.83.3' ],
281 silly audit   'metro-minify-terser': [ '0.83.3' ],
281 silly audit   'metro-resolver': [ '0.83.3' ],
281 silly audit   'metro-runtime': [ '0.83.3' ],
281 silly audit   'metro-source-map': [ '0.83.3' ],
281 silly audit   'metro-symbolicate': [ '0.83.3' ],
281 silly audit   'metro-transform-plugins': [ '0.83.3' ],
281 silly audit   'metro-transform-worker': [ '0.83.3' ],
281 silly audit   micromatch: [ '4.0.8' ],
281 silly audit   mime: [ '1.6.0' ],
281 silly audit   'mime-db': [ '1.52.0' ],
281 silly audit   'mime-types': [ '2.1.35' ],
281 silly audit   'mimic-fn': [ '1.2.0' ],
281 silly audit   minimist: [ '1.2.8' ],
281 silly audit   minipass: [ '7.1.3' ],
281 silly audit   minizlib: [ '3.1.0' ],
281 silly audit   mkdirp: [ '1.0.4' ],
281 silly audit   mz: [ '2.7.0' ],
281 silly audit   nanoid: [ '3.3.12' ],
281 silly audit   'nested-error-stacks': [ '2.0.1' ],
281 silly audit   'node-forge': [ '1.4.0' ],
281 silly audit   'node-int64': [ '0.4.0' ],
281 silly audit   'node-releases': [ '2.0.46' ],
281 silly audit   'normalize-path': [ '3.0.0' ],
281 silly audit   'npm-package-arg': [ '11.0.3' ],
281 silly audit   nullthrows: [ '1.1.1' ],
281 silly audit   ob1: [ '0.83.3' ],
281 silly audit   'object-assign': [ '4.1.1' ],
281 silly audit   'on-finished': [ '2.3.0', '2.4.1' ],
281 silly audit   'on-headers': [ '1.1.0' ],
281 silly audit   once: [ '1.4.0' ],
281 silly audit   onetime: [ '2.0.1' ],
281 silly audit   ora: [ '3.4.0' ],
281 silly audit   'strip-ansi': [ '5.2.0', '6.0.1' ],
281 silly audit   'p-limit': [ '3.1.0', '2.3.0' ],
281 silly audit   'p-locate': [ '4.1.0' ],
281 silly audit   'p-try': [ '2.2.0' ],
281 silly audit   'parse-png': [ '2.1.0' ],
281 silly audit   parseurl: [ '1.3.3' ],
281 silly audit   'path-exists': [ '4.0.0' ],
281 silly audit   'path-is-absolute': [ '1.0.1' ],
281 silly audit   'path-key': [ '3.1.1' ],
281 silly audit   'path-parse': [ '1.0.7' ],
281 silly audit   'path-scurry': [ '2.0.2' ],
281 silly audit   picocolors: [ '1.1.1' ],
281 silly audit   pirates: [ '4.0.7' ],
281 silly audit   plist: [ '3.1.1' ],
281 silly audit   pngjs: [ '3.4.0' ],
281 silly audit   postcss: [ '8.4.49' ],
281 silly audit   'pretty-bytes': [ '5.6.0' ],
281 silly audit   'pretty-format': [ '29.7.0' ],
281 silly audit   'proc-log': [ '4.2.0' ],
281 silly audit   progress: [ '2.0.3' ],
281 silly audit   promise: [ '8.3.0' ],
281 silly audit   prompts: [ '2.4.2' ],
281 silly audit   punycode: [ '2.3.1' ],
281 silly audit   'qrcode-terminal': [ '0.11.0' ],
281 silly audit   queue: [ '6.0.2' ],
281 silly audit   'range-parser': [ '1.2.1' ],
281 silly audit   rc: [ '1.2.8' ],
281 silly audit   react: [ '19.1.0' ],
281 silly audit   'react-devtools-core': [ '6.1.5' ],
281 silly audit   'react-is': [ '18.3.1' ],
281 silly audit   'react-native': [ '0.81.5' ],
281 silly audit   'react-native-is-edge-to-edge': [ '1.3.1' ],
281 silly audit   '@react-native/virtualized-lists': [ '0.81.5' ],
281 silly audit   'react-refresh': [ '0.14.2' ],
281 silly audit   'regenerator-runtime': [ '0.13.11' ],
281 silly audit   'require-directory': [ '2.1.1' ],
281 silly audit   'require-from-string': [ '2.0.2' ],
281 silly audit   requireg: [ '0.2.2' ],
281 silly audit   resolve: [ '1.7.1', '1.22.12' ],
281 silly audit   'resolve-from': [ '5.0.0' ],
281 silly audit   'resolve-workspace-root': [ '2.0.1' ],
281 silly audit   'resolve.exports': [ '2.0.3' ],
281 silly audit   'restore-cursor': [ '2.0.0' ],
281 silly audit   rimraf: [ '3.0.2' ],
281 silly audit   'safe-buffer': [ '5.2.1' ],
281 silly audit   sax: [ '1.6.0' ],
281 silly audit   scheduler: [ '0.26.0' ],
281 silly audit   send: [ '0.19.2' ],
281 silly audit   'serialize-error': [ '2.1.0' ],
281 silly audit   'serve-static': [ '1.16.3' ],
281 silly audit   setprototypeof: [ '1.2.0' ],
281 silly audit   'shebang-command': [ '2.0.0' ],
281 silly audit   'shebang-regex': [ '3.0.0' ],
281 silly audit   'shell-quote': [ '1.8.4' ],
281 silly audit   'signal-exit': [ '3.0.7' ],
281 silly audit   'simple-plist': [ '1.3.1' ],
281 silly audit   sisteransi: [ '1.0.5' ],
281 silly audit   slash: [ '3.0.0' ],
281 silly audit   slugify: [ '1.6.9' ],
281 silly audit   'source-map': [ '0.5.7', '0.6.1' ],
281 silly audit   'source-map-js': [ '1.2.1' ],
281 silly audit   'source-map-support': [ '0.5.21' ],
281 silly audit   'sprintf-js': [ '1.0.3' ],
281 silly audit   'stack-utils': [ '2.0.6' ],
281 silly audit   stackframe: [ '1.3.4' ],
281 silly audit   'stacktrace-parser': [ '0.1.11' ],
281 silly audit   'stream-buffers': [ '2.2.0' ],
281 silly audit   'string-width': [ '4.2.3' ],
281 silly audit   'strip-json-comments': [ '2.0.1' ],
281 silly audit   'structured-headers': [ '0.4.1' ],
281 silly audit   sucrase: [ '3.35.1' ],
281 silly audit   'supports-hyperlinks': [ '2.3.0' ],
281 silly audit   'supports-preserve-symlinks-flag': [ '1.0.0' ],
281 silly audit   tar: [ '7.5.15' ],
281 silly audit   yallist: [ '5.0.0', '3.1.1' ],
281 silly audit   'terminal-link': [ '2.1.1' ],
281 silly audit   terser: [ '5.48.0' ],
281 silly audit   'test-exclude': [ '6.0.0' ],
281 silly audit   thenify: [ '3.3.1' ],
281 silly audit   'thenify-all': [ '1.6.0' ],
281 silly audit   throat: [ '5.0.0' ],
281 silly audit   tinyglobby: [ '0.2.17' ],
281 silly audit   fdir: [ '6.5.0' ],
281 silly audit   tmpl: [ '1.0.5' ],
281 silly audit   'to-regex-range': [ '5.0.1' ],
281 silly audit   toidentifier: [ '1.0.1' ],
281 silly audit   'ts-interface-checker': [ '0.1.13' ],
281 silly audit   'type-detect': [ '4.0.8' ],
281 silly audit   typescript: [ '5.9.3' ],
281 silly audit   undici: [ '6.26.0' ],
281 silly audit   'undici-types': [ '7.24.6' ],
281 silly audit   unpipe: [ '1.0.0' ],
281 silly audit   'update-browserslist-db': [ '1.2.3' ],
281 silly audit   'utils-merge': [ '1.0.1' ],
281 silly audit   uuid: [ '7.0.3' ],
281 silly audit   'validate-npm-package-name': [ '5.0.1' ],
281 silly audit   vary: [ '1.1.2' ],
281 silly audit   vlq: [ '1.0.1' ],
281 silly audit   walker: [ '1.0.8' ],
281 silly audit   wcwidth: [ '1.0.1' ],
281 silly audit   'webidl-conversions': [ '5.0.0' ],
281 silly audit   'whatwg-fetch': [ '3.6.20' ],
281 silly audit   'whatwg-url-without-unicode': [ '8.0.0-3' ],
281 silly audit   which: [ '2.0.2' ],
281 silly audit   wonka: [ '6.3.6' ],
281 silly audit   'wrap-ansi': [ '7.0.0' ],
281 silly audit   wrappy: [ '1.0.2' ],
281 silly audit   'write-file-atomic': [ '4.0.2' ],
281 silly audit   xcode: [ '3.0.1' ],
281 silly audit   xml2js: [ '0.6.0' ],
281 silly audit   xmlbuilder: [ '11.0.1', '15.1.1' ],
281 silly audit   y18n: [ '5.0.8' ],
281 silly audit   yaml: [ '2.9.0' ],
281 silly audit   yargs: [ '17.7.2' ],
281 silly audit   'yargs-parser': [ '21.1.1' ],
281 silly audit   'yocto-queue': [ '0.1.0' ],
281 silly audit   '@react-native/babel-preset': [ '0.81.5' ],
281 silly audit   '@babel/plugin-syntax-dynamic-import': [ '7.8.3' ],
281 silly audit   '@babel/plugin-transform-arrow-functions': [ '7.29.7' ],
281 silly audit   '@babel/plugin-transform-async-generator-functions': [ '7.29.7' ],
281 silly audit   '@babel/plugin-transform-async-to-generator': [ '7.29.7' ],
281 silly audit   '@babel/plugin-transform-block-scoping': [ '7.29.7' ],
281 silly audit   '@babel/plugin-transform-class-properties': [ '7.29.7' ],
281 silly audit   '@babel/plugin-transform-classes': [ '7.29.7' ],
281 silly audit   '@babel/plugin-transform-computed-properties': [ '7.29.7' ],
281 silly audit   '@babel/plugin-transform-for-of': [ '7.29.7' ],
281 silly audit   '@babel/plugin-transform-function-name': [ '7.29.7' ],
281 silly audit   '@babel/plugin-transform-literals': [ '7.29.7' ],
281 silly audit   '@babel/plugin-transform-logical-assignment-operators': [ '7.29.7' ],
281 silly audit   '@babel/plugin-transform-named-capturing-groups-regex': [ '7.29.7' ],
281 silly audit   '@babel/plugin-transform-nullish-coalescing-operator': [ '7.29.7' ],
281 silly audit   '@babel/plugin-transform-numeric-separator': [ '7.29.7' ],
281 silly audit   '@babel/plugin-transform-optional-catch-binding': [ '7.29.7' ],
281 silly audit   '@babel/plugin-transform-optional-chaining': [ '7.29.7' ],
281 silly audit   '@babel/plugin-transform-react-jsx-self': [ '7.29.7' ],
281 silly audit   '@babel/plugin-transform-react-jsx-source': [ '7.29.7' ],
281 silly audit   '@babel/plugin-transform-regenerator': [ '7.29.7' ],
281 silly audit   '@babel/plugin-transform-shorthand-properties': [ '7.29.7' ],
281 silly audit   '@babel/plugin-transform-spread': [ '7.29.7' ],
281 silly audit   '@babel/plugin-transform-sticky-regex': [ '7.29.7' ],
281 silly audit   '@babel/plugin-transform-unicode-regex': [ '7.29.7' ],
281 silly audit   '@react-native/babel-plugin-codegen': [ '0.81.5' ],
281 silly audit   '@babel/helper-remap-async-to-generator': [ '7.29.7' ],
281 silly audit   '@babel/helper-wrap-function': [ '7.29.7' ],
281 silly audit   '@babel/helper-create-regexp-features-plugin': [ '7.29.7' ],
281 silly audit   'regexpu-core': [ '6.4.0' ],
281 silly audit   regenerate: [ '1.4.2' ],
281 silly audit   'regenerate-unicode-properties': [ '10.2.2' ],
281 silly audit   regjsgen: [ '0.8.0' ],
281 silly audit   regjsparser: [ '0.13.1' ],
281 silly audit   'unicode-match-property-ecmascript': [ '2.0.0' ],
281 silly audit   'unicode-match-property-value-ecmascript': [ '2.2.1' ],
281 silly audit   'unicode-canonical-property-names-ecmascript': [ '2.0.1' ],
281 silly audit   'unicode-property-aliases-ecmascript': [ '2.2.0' ]
281 silly audit }
282 verbose reify failed optional dependency /Users/nikitabushuev/WebstormProjects/ReactNativeDebtor/node_modules/lightningcss-win32-x64-msvc
283 silly reify mark deleted [
283 silly reify   '/Users/nikitabushuev/WebstormProjects/ReactNativeDebtor/node_modules/lightningcss-win32-x64-msvc'
283 silly reify ]
284 verbose reify failed optional dependency /Users/nikitabushuev/WebstormProjects/ReactNativeDebtor/node_modules/lightningcss-win32-arm64-msvc
285 silly reify mark deleted [
285 silly reify   '/Users/nikitabushuev/WebstormProjects/ReactNativeDebtor/node_modules/lightningcss-win32-arm64-msvc'
285 silly reify ]
286 verbose reify failed optional dependency /Users/nikitabushuev/WebstormProjects/ReactNativeDebtor/node_modules/lightningcss-linux-x64-musl
287 silly reify mark deleted [
287 silly reify   '/Users/nikitabushuev/WebstormProjects/ReactNativeDebtor/node_modules/lightningcss-linux-x64-musl'
287 silly reify ]
288 verbose reify failed optional dependency /Users/nikitabushuev/WebstormProjects/ReactNativeDebtor/node_modules/lightningcss-linux-x64-gnu
289 silly reify mark deleted [
289 silly reify   '/Users/nikitabushuev/WebstormProjects/ReactNativeDebtor/node_modules/lightningcss-linux-x64-gnu'
289 silly reify ]
290 verbose reify failed optional dependency /Users/nikitabushuev/WebstormProjects/ReactNativeDebtor/node_modules/lightningcss-linux-arm64-musl
291 silly reify mark deleted [
291 silly reify   '/Users/nikitabushuev/WebstormProjects/ReactNativeDebtor/node_modules/lightningcss-linux-arm64-musl'
291 silly reify ]
292 verbose reify failed optional dependency /Users/nikitabushuev/WebstormProjects/ReactNativeDebtor/node_modules/lightningcss-linux-arm64-gnu
293 silly reify mark deleted [
293 silly reify   '/Users/nikitabushuev/WebstormProjects/ReactNativeDebtor/node_modules/lightningcss-linux-arm64-gnu'
293 silly reify ]
294 verbose reify failed optional dependency /Users/nikitabushuev/WebstormProjects/ReactNativeDebtor/node_modules/lightningcss-linux-arm-gnueabihf
295 silly reify mark deleted [
295 silly reify   '/Users/nikitabushuev/WebstormProjects/ReactNativeDebtor/node_modules/lightningcss-linux-arm-gnueabihf'
295 silly reify ]
296 verbose reify failed optional dependency /Users/nikitabushuev/WebstormProjects/ReactNativeDebtor/node_modules/lightningcss-freebsd-x64
297 silly reify mark deleted [
297 silly reify   '/Users/nikitabushuev/WebstormProjects/ReactNativeDebtor/node_modules/lightningcss-freebsd-x64'
297 silly reify ]
298 verbose reify failed optional dependency /Users/nikitabushuev/WebstormProjects/ReactNativeDebtor/node_modules/lightningcss-darwin-arm64
299 silly reify mark deleted [
299 silly reify   '/Users/nikitabushuev/WebstormProjects/ReactNativeDebtor/node_modules/lightningcss-darwin-arm64'
299 silly reify ]
300 verbose reify failed optional dependency /Users/nikitabushuev/WebstormProjects/ReactNativeDebtor/node_modules/lightningcss-android-arm64
301 silly reify mark deleted [
301 silly reify   '/Users/nikitabushuev/WebstormProjects/ReactNativeDebtor/node_modules/lightningcss-android-arm64'
301 silly reify ]
302 silly tarball no local data for @react-native/babel-preset@https://registry.npmjs.org/@react-native/babel-preset/-/babel-preset-0.81.5.tgz. Extracting by manifest.
303 silly tarball no local data for babel-preset-expo@https://registry.npmjs.org/babel-preset-expo/-/babel-preset-expo-54.0.11.tgz. Extracting by manifest.
304 silly tarball no local data for @react-native/babel-plugin-codegen@https://registry.npmjs.org/@react-native/babel-plugin-codegen/-/babel-plugin-codegen-0.81.5.tgz. Extracting by manifest.
305 http fetch GET 200 https://registry.npmjs.org/babel-preset-expo/-/babel-preset-expo-54.0.11.tgz 64ms (cache miss)
306 http fetch POST 200 https://registry.npmjs.org/-/npm/v1/security/advisories/bulk 284ms
307 silly audit report {
307 silly audit report   postcss: [
307 silly audit report     {
307 silly audit report       id: 1117015,
307 silly audit report       url: 'https://github.com/advisories/GHSA-qx2v-qp2m-jg93',
307 silly audit report       title: 'PostCSS has XSS via Unescaped </style> in its CSS Stringify Output',
307 silly audit report       severity: 'moderate',
307 silly audit report       vulnerable_versions: '<8.5.10',
307 silly audit report       cwe: [Array],
307 silly audit report       cvss: [Object]
307 silly audit report     }
307 silly audit report   ],
307 silly audit report   uuid: [
307 silly audit report     {
307 silly audit report       id: 1119441,
307 silly audit report       url: 'https://github.com/advisories/GHSA-w5hq-g745-h8pq',
307 silly audit report       title: 'uuid: Missing buffer bounds check in v3/v5/v6 when buf is provided',
307 silly audit report       severity: 'moderate',
307 silly audit report       vulnerable_versions: '<11.1.1',
307 silly audit report       cwe: [Array],
307 silly audit report       cvss: [Object]
307 silly audit report     }
307 silly audit report   ]
307 silly audit report }
308 silly packumentCache corgi:https://registry.npmjs.org/postcss cache-miss
309 silly packumentCache corgi:https://registry.npmjs.org/uuid cache-miss
310 http fetch GET 200 https://registry.npmjs.org/uuid 60ms (cache miss)
311 silly packumentCache corgi:https://registry.npmjs.org/uuid set size:undefined disposed:false
312 http fetch GET 200 https://registry.npmjs.org/postcss 70ms (cache miss)
313 silly packumentCache corgi:https://registry.npmjs.org/postcss set size:undefined disposed:false
314 http fetch GET 200 https://registry.npmjs.org/@react-native/babel-plugin-codegen/-/babel-plugin-codegen-0.81.5.tgz 359ms (cache miss)
315 silly packumentCache corgi:https://registry.npmjs.org/@expo%2fmetro-config cache-miss
316 http fetch GET 200 https://registry.npmjs.org/@react-native/babel-preset/-/babel-preset-0.81.5.tgz 375ms (cache miss)
317 http fetch GET 200 https://registry.npmjs.org/@expo%2fmetro-config 744ms (cache miss)
318 silly packumentCache corgi:https://registry.npmjs.org/@expo%2fmetro-config set size:undefined disposed:false
319 silly packumentCache corgi:https://registry.npmjs.org/xcode cache-miss
320 http fetch GET 200 https://registry.npmjs.org/xcode 175ms (cache miss)
321 silly packumentCache corgi:https://registry.npmjs.org/xcode set size:undefined disposed:false
322 silly packumentCache corgi:https://registry.npmjs.org/expo cache-miss
323 silly packumentCache corgi:https://registry.npmjs.org/@expo%2fcli cache-miss
324 http fetch GET 200 https://registry.npmjs.org/expo 449ms (cache miss)
325 silly packumentCache corgi:https://registry.npmjs.org/expo set size:undefined disposed:false
326 http fetch GET 200 https://registry.npmjs.org/@expo%2fcli 772ms (cache miss)
327 silly packumentCache corgi:https://registry.npmjs.org/@expo%2fcli set size:undefined disposed:false
328 silly packumentCache corgi:https://registry.npmjs.org/@expo%2fconfig-plugins cache-miss
329 http fetch GET 200 https://registry.npmjs.org/@expo%2fconfig-plugins 152ms (cache miss)
330 silly packumentCache corgi:https://registry.npmjs.org/@expo%2fconfig-plugins set size:undefined disposed:false
331 silly packumentCache corgi:https://registry.npmjs.org/@expo%2fprebuild-config cache-miss
332 silly packumentCache corgi:https://registry.npmjs.org/expo-asset cache-miss
333 silly packumentCache corgi:https://registry.npmjs.org/expo-constants cache-miss
334 silly packumentCache corgi:https://registry.npmjs.org/expo-file-system cache-miss
335 silly packumentCache corgi:https://registry.npmjs.org/expo-font cache-miss
336 silly packumentCache corgi:https://registry.npmjs.org/expo-keep-awake cache-miss
337 silly packumentCache corgi:https://registry.npmjs.org/babel-preset-expo cache-miss
338 http fetch GET 200 https://registry.npmjs.org/expo-keep-awake 556ms (cache miss)
339 silly packumentCache corgi:https://registry.npmjs.org/expo-keep-awake set size:undefined disposed:false
340 http fetch GET 200 https://registry.npmjs.org/expo-font 655ms (cache miss)
341 silly packumentCache corgi:https://registry.npmjs.org/expo-font set size:undefined disposed:false
342 http fetch GET 200 https://registry.npmjs.org/expo-file-system 724ms (cache miss)
343 silly packumentCache corgi:https://registry.npmjs.org/expo-file-system set size:undefined disposed:false
344 http fetch GET 200 https://registry.npmjs.org/expo-constants 795ms (cache miss)
345 silly packumentCache corgi:https://registry.npmjs.org/expo-constants set size:undefined disposed:false
346 http fetch GET 200 https://registry.npmjs.org/expo-asset 864ms (cache miss)
347 silly packumentCache corgi:https://registry.npmjs.org/expo-asset set size:undefined disposed:false
348 http fetch GET 200 https://registry.npmjs.org/babel-preset-expo 916ms (cache miss)
349 silly packumentCache corgi:https://registry.npmjs.org/babel-preset-expo set size:undefined disposed:false
350 http fetch GET 200 https://registry.npmjs.org/@expo%2fprebuild-config 943ms (cache miss)
351 silly packumentCache corgi:https://registry.npmjs.org/@expo%2fprebuild-config set size:undefined disposed:false
352 silly packumentCache corgi:https://registry.npmjs.org/@expo%2fconfig cache-miss
353 http fetch GET 200 https://registry.npmjs.org/@expo%2fconfig 606ms (cache miss)
354 silly packumentCache corgi:https://registry.npmjs.org/@expo%2fconfig set size:undefined disposed:false
355 silly ADD node_modules/@react-native/babel-plugin-codegen
356 silly ADD node_modules/@react-native/babel-preset
357 silly ADD node_modules/babel-preset-expo
358 silly ADD
359 silly ADD
360 silly ADD
361 silly ADD
362 silly ADD
363 silly ADD
364 silly ADD
365 silly ADD
366 silly ADD
367 silly ADD
368 silly REMOVE node_modules/expo/node_modules/babel-preset-expo
369 silly REMOVE node_modules/expo/node_modules/@react-native/babel-preset
370 silly REMOVE node_modules/expo/node_modules/@react-native/babel-plugin-codegen
371 verbose cwd /Users/nikitabushuev/WebstormProjects/ReactNativeDebtor
372 verbose os Darwin 24.6.0
373 verbose node v20.19.4
374 verbose npm  v10.8.2
375 notice
375 notice New major version of npm available! 10.8.2 -> 11.16.0
375 notice Changelog: https://github.com/npm/cli/releases/tag/v11.16.0
375 notice To update run: npm install -g npm@11.16.0
375 notice  { force: true, [Symbol(proc-log.meta)]: true }
376 verbose exit 0
377 info ok
