0 verbose cli /Users/nikitabushuev/.nvm/versions/node/v20.19.4/bin/node /Users/nikitabushuev/.nvm/versions/node/v20.19.4/bin/npm
1 info using npm@10.8.2
2 info using node@v20.19.4
3 silly config load:file:/Users/nikitabushuev/.nvm/versions/node/v20.19.4/lib/node_modules/npm/npmrc
4 silly config load:file:/Users/nikitabushuev/WebstormProjects/ReactNativeDebtor/.npmrc
5 silly config load:file:/Users/nikitabushuev/.npmrc
6 silly config load:file:/Users/nikitabushuev/.nvm/versions/node/v20.19.4/etc/npmrc
7 verbose title npm install @react-native/virtualized-lists@0.81.5
8 verbose argv "install" "@react-native/virtualized-lists@0.81.5" "--cache" ".tmp/npm-cache"
9 verbose logfile logs-max:10 dir:/Users/nikitabushuev/WebstormProjects/ReactNativeDebtor/.tmp/npm-cache/_logs/2026-06-02T11_15_38_140Z-
10 verbose logfile /Users/nikitabushuev/WebstormProjects/ReactNativeDebtor/.tmp/npm-cache/_logs/2026-06-02T11_15_38_140Z-debug-0.log
11 silly packumentCache heap:4345298944 maxSize:1086324736 maxEntrySize:543162368
12 silly logfile done cleaning log files
13 silly idealTree buildDeps
14 silly fetch manifest @react-native/virtualized-lists@0.81.5
15 silly packumentCache full:https://registry.npmjs.org/@react-native%2fvirtualized-lists cache-miss
16 http fetch GET 200 https://registry.npmjs.org/@react-native%2fvirtualized-lists 1143ms (cache miss)
17 silly packumentCache full:https://registry.npmjs.org/@react-native%2fvirtualized-lists set size:undefined disposed:false
18 silly fetch manifest @types/react@~19.1.8
19 silly packumentCache full:https://registry.npmjs.org/@types%2freact cache-miss
20 http fetch GET 200 https://registry.npmjs.org/@types%2freact 24ms (cache hit)
21 silly packumentCache full:https://registry.npmjs.org/@types%2freact set size:2623728 disposed:false
22 silly fetch manifest react@19.1.0
23 silly packumentCache full:https://registry.npmjs.org/react cache-miss
24 http fetch GET 200 https://registry.npmjs.org/react 24ms (cache hit)
25 silly packumentCache full:https://registry.npmjs.org/react set size:6679468 disposed:false
26 silly fetch manifest react-native@0.81.5
27 silly packumentCache full:https://registry.npmjs.org/react-native cache-miss
28 http fetch GET 200 https://registry.npmjs.org/react-native 62ms (cache hit)
29 silly packumentCache full:https://registry.npmjs.org/react-native set size:15318186 disposed:false
30 silly placeDep ROOT @react-native/virtualized-lists@0.81.5 OK for: react-native-debtor@1.0.0 want: 0.81.5
31 silly reify mark retired [
31 silly reify   '/Users/nikitabushuev/WebstormProjects/ReactNativeDebtor/node_modules/react-native/node_modules/@react-native/virtualized-lists'
31 silly reify ]
32 silly reify moves {
32 silly reify   '/Users/nikitabushuev/WebstormProjects/ReactNativeDebtor/node_modules/react-native/node_modules/@react-native/virtualized-lists': '/Users/nikitabushuev/WebstormProjects/ReactNativeDebtor/node_modules/react-native/node_modules/@react-native/.virtualized-lists-CiDOjrOg'
32 silly reify }
33 silly audit bulk request {
33 silly audit   '@0no-co/graphql.web': [ '1.2.0' ],
33 silly audit   '@babel/code-frame': [ '7.10.4', '7.29.7' ],
33 silly audit   '@babel/compat-data': [ '7.29.7' ],
33 silly audit   '@babel/core': [ '7.29.7' ],
33 silly audit   semver: [ '6.3.1', '7.8.1' ],
33 silly audit   '@babel/generator': [ '7.29.7' ],
33 silly audit   '@babel/helper-annotate-as-pure': [ '7.29.7' ],
33 silly audit   '@babel/helper-compilation-targets': [ '7.29.7' ],
33 silly audit   '@babel/helper-create-class-features-plugin': [ '7.29.7' ],
33 silly audit   '@babel/helper-create-regexp-features-plugin': [ '7.29.7' ],
33 silly audit   '@babel/helper-define-polyfill-provider': [ '0.6.8' ],
33 silly audit   '@babel/helper-globals': [ '7.29.7' ],
33 silly audit   '@babel/helper-member-expression-to-functions': [ '7.29.7' ],
33 silly audit   '@babel/helper-module-imports': [ '7.29.7' ],
33 silly audit   '@babel/helper-module-transforms': [ '7.29.7' ],
33 silly audit   '@babel/helper-optimise-call-expression': [ '7.29.7' ],
33 silly audit   '@babel/helper-plugin-utils': [ '7.29.7' ],
33 silly audit   '@babel/helper-remap-async-to-generator': [ '7.29.7' ],
33 silly audit   '@babel/helper-replace-supers': [ '7.29.7' ],
33 silly audit   '@babel/helper-skip-transparent-expression-wrappers': [ '7.29.7' ],
33 silly audit   '@babel/helper-string-parser': [ '7.29.7' ],
33 silly audit   '@babel/helper-validator-identifier': [ '7.29.7' ],
33 silly audit   '@babel/helper-validator-option': [ '7.29.7' ],
33 silly audit   '@babel/helper-wrap-function': [ '7.29.7' ],
33 silly audit   '@babel/helpers': [ '7.29.7' ],
33 silly audit   '@babel/highlight': [ '7.25.9' ],
33 silly audit   '@babel/parser': [ '7.29.7' ],
33 silly audit   '@babel/plugin-proposal-decorators': [ '7.29.7' ],
33 silly audit   '@babel/plugin-proposal-export-default-from': [ '7.29.7' ],
33 silly audit   '@babel/plugin-syntax-async-generators': [ '7.8.4' ],
33 silly audit   '@babel/plugin-syntax-bigint': [ '7.8.3' ],
33 silly audit   '@babel/plugin-syntax-class-properties': [ '7.12.13' ],
33 silly audit   '@babel/plugin-syntax-class-static-block': [ '7.14.5' ],
33 silly audit   '@babel/plugin-syntax-decorators': [ '7.29.7' ],
33 silly audit   '@babel/plugin-syntax-dynamic-import': [ '7.8.3' ],
33 silly audit   '@babel/plugin-syntax-export-default-from': [ '7.29.7' ],
33 silly audit   '@babel/plugin-syntax-flow': [ '7.29.7' ],
33 silly audit   '@babel/plugin-syntax-import-attributes': [ '7.29.7' ],
33 silly audit   '@babel/plugin-syntax-import-meta': [ '7.10.4' ],
33 silly audit   '@babel/plugin-syntax-json-strings': [ '7.8.3' ],
33 silly audit   '@babel/plugin-syntax-jsx': [ '7.29.7' ],
33 silly audit   '@babel/plugin-syntax-logical-assignment-operators': [ '7.10.4' ],
33 silly audit   '@babel/plugin-syntax-nullish-coalescing-operator': [ '7.8.3' ],
33 silly audit   '@babel/plugin-syntax-numeric-separator': [ '7.10.4' ],
33 silly audit   '@babel/plugin-syntax-object-rest-spread': [ '7.8.3' ],
33 silly audit   '@babel/plugin-syntax-optional-catch-binding': [ '7.8.3' ],
33 silly audit   '@babel/plugin-syntax-optional-chaining': [ '7.8.3' ],
33 silly audit   '@babel/plugin-syntax-private-property-in-object': [ '7.14.5' ],
33 silly audit   '@babel/plugin-syntax-top-level-await': [ '7.14.5' ],
33 silly audit   '@babel/plugin-syntax-typescript': [ '7.29.7' ],
33 silly audit   '@babel/plugin-transform-arrow-functions': [ '7.29.7' ],
33 silly audit   '@babel/plugin-transform-async-generator-functions': [ '7.29.7' ],
33 silly audit   '@babel/plugin-transform-async-to-generator': [ '7.29.7' ],
33 silly audit   '@babel/plugin-transform-block-scoping': [ '7.29.7' ],
33 silly audit   '@babel/plugin-transform-class-properties': [ '7.29.7' ],
33 silly audit   '@babel/plugin-transform-class-static-block': [ '7.29.7' ],
33 silly audit   '@babel/plugin-transform-classes': [ '7.29.7' ],
33 silly audit   '@babel/plugin-transform-computed-properties': [ '7.29.7' ],
33 silly audit   '@babel/plugin-transform-destructuring': [ '7.29.7' ],
33 silly audit   '@babel/plugin-transform-export-namespace-from': [ '7.29.7' ],
33 silly audit   '@babel/plugin-transform-flow-strip-types': [ '7.29.7' ],
33 silly audit   '@babel/plugin-transform-for-of': [ '7.29.7' ],
33 silly audit   '@babel/plugin-transform-function-name': [ '7.29.7' ],
33 silly audit   '@babel/plugin-transform-literals': [ '7.29.7' ],
33 silly audit   '@babel/plugin-transform-logical-assignment-operators': [ '7.29.7' ],
33 silly audit   '@babel/plugin-transform-modules-commonjs': [ '7.29.7' ],
33 silly audit   '@babel/plugin-transform-named-capturing-groups-regex': [ '7.29.7' ],
33 silly audit   '@babel/plugin-transform-nullish-coalescing-operator': [ '7.29.7' ],
33 silly audit   '@babel/plugin-transform-numeric-separator': [ '7.29.7' ],
33 silly audit   '@babel/plugin-transform-object-rest-spread': [ '7.29.7' ],
33 silly audit   '@babel/plugin-transform-optional-catch-binding': [ '7.29.7' ],
33 silly audit   '@babel/plugin-transform-optional-chaining': [ '7.29.7' ],
33 silly audit   '@babel/plugin-transform-parameters': [ '7.29.7' ],
33 silly audit   '@babel/plugin-transform-private-methods': [ '7.29.7' ],
33 silly audit   '@babel/plugin-transform-private-property-in-object': [ '7.29.7' ],
33 silly audit   '@babel/plugin-transform-react-display-name': [ '7.29.7' ],
33 silly audit   '@babel/plugin-transform-react-jsx': [ '7.29.7' ],
33 silly audit   '@babel/plugin-transform-react-jsx-development': [ '7.29.7' ],
33 silly audit   '@babel/plugin-transform-react-jsx-self': [ '7.29.7' ],
33 silly audit   '@babel/plugin-transform-react-jsx-source': [ '7.29.7' ],
33 silly audit   '@babel/plugin-transform-react-pure-annotations': [ '7.29.7' ],
33 silly audit   '@babel/plugin-transform-regenerator': [ '7.29.7' ],
33 silly audit   '@babel/plugin-transform-runtime': [ '7.29.7' ],
33 silly audit   '@babel/plugin-transform-shorthand-properties': [ '7.29.7' ],
33 silly audit   '@babel/plugin-transform-spread': [ '7.29.7' ],
33 silly audit   '@babel/plugin-transform-sticky-regex': [ '7.29.7' ],
33 silly audit   '@babel/plugin-transform-typescript': [ '7.29.7' ],
33 silly audit   '@babel/plugin-transform-unicode-regex': [ '7.29.7' ],
33 silly audit   '@babel/preset-react': [ '7.29.7' ],
33 silly audit   '@babel/preset-typescript': [ '7.29.7' ],
33 silly audit   '@babel/runtime': [ '7.29.7' ],
33 silly audit   '@babel/template': [ '7.29.7' ],
33 silly audit   '@babel/traverse': [ '7.29.7' ],
33 silly audit   '@babel/types': [ '7.29.7' ],
33 silly audit   '@expo/code-signing-certificates': [ '0.0.6' ],
33 silly audit   '@expo/config': [ '12.0.13' ],
33 silly audit   '@expo/config-plugins': [ '54.0.4' ],
33 silly audit   '@expo/json-file': [ '10.0.16', '10.2.0' ],
33 silly audit   'ansi-styles': [ '4.3.0', '3.2.1', '5.2.0' ],
33 silly audit   chalk: [ '4.1.2', '2.4.2' ],
33 silly audit   'color-convert': [ '2.0.1', '1.9.3' ],
33 silly audit   'color-name': [ '1.1.4', '1.1.3' ],
33 silly audit   'has-flag': [ '4.0.0', '3.0.0' ],
33 silly audit   'supports-color': [ '7.2.0', '8.1.1', '5.5.0' ],
33 silly audit   '@expo/config-types': [ '54.0.10' ],
33 silly audit   '@expo/devcert': [ '1.2.1' ],
33 silly audit   debug: [ '3.2.7', '2.6.9', '4.4.3' ],
33 silly audit   '@expo/devtools': [ '0.1.8' ],
33 silly audit   '@expo/env': [ '2.0.11' ],
33 silly audit   '@expo/fingerprint': [ '0.15.5' ],
33 silly audit   '@expo/image-utils': [ '0.8.14' ],
33 silly audit   '@expo/metro': [ '54.2.0' ],
33 silly audit   '@expo/osascript': [ '2.6.0' ],
33 silly audit   '@expo/package-manager': [ '1.12.1' ],
33 silly audit   '@expo/plist': [ '0.4.9' ],
33 silly audit   '@expo/require-utils': [ '55.0.5' ],
33 silly audit   '@expo/schema-utils': [ '0.1.8' ],
33 silly audit   '@expo/sdk-runtime-versions': [ '1.0.0' ],
33 silly audit   '@expo/spawn-async': [ '1.8.0' ],
33 silly audit   '@expo/sudo-prompt': [ '9.3.2' ],
33 silly audit   '@expo/ws-tunnel': [ '1.0.6' ],
33 silly audit   '@expo/xcpretty': [ '4.4.4' ],
33 silly audit   argparse: [ '2.0.1', '1.0.10' ],
33 silly audit   'js-yaml': [ '4.2.0', '3.14.2' ],
33 silly audit   '@isaacs/fs-minipass': [ '4.0.1' ],
33 silly audit   '@isaacs/ttlcache': [ '1.4.1' ],
33 silly audit   '@istanbuljs/load-nyc-config': [ '1.1.0' ],
33 silly audit   camelcase: [ '5.3.1', '6.3.0' ],
33 silly audit   '@istanbuljs/schema': [ '0.1.6' ],
33 silly audit   '@jest/create-cache-key-function': [ '29.7.0' ],
33 silly audit   '@jest/environment': [ '29.7.0' ],
33 silly audit   '@jest/fake-timers': [ '29.7.0' ],
33 silly audit   '@jest/schemas': [ '29.6.3' ],
33 silly audit   '@jest/transform': [ '29.7.0' ],
33 silly audit   '@jest/types': [ '29.6.3' ],
33 silly audit   '@jridgewell/gen-mapping': [ '0.3.13' ],
33 silly audit   '@jridgewell/remapping': [ '2.3.5' ],
33 silly audit   '@jridgewell/resolve-uri': [ '3.1.2' ],
33 silly audit   '@jridgewell/source-map': [ '0.3.11' ],
33 silly audit   '@jridgewell/sourcemap-codec': [ '1.5.5' ],
33 silly audit   '@jridgewell/trace-mapping': [ '0.3.31' ],
33 silly audit   '@react-native/assets-registry': [ '0.81.5' ],
33 silly audit   '@react-native/babel-plugin-codegen': [ '0.81.5' ],
33 silly audit   '@react-native/babel-preset': [ '0.81.5' ],
33 silly audit   '@react-native/codegen': [ '0.81.5' ],
33 silly audit   'brace-expansion': [ '1.1.15', '5.0.6', '2.1.1' ],
33 silly audit   glob: [ '7.2.3', '13.0.6' ],
33 silly audit   minimatch: [ '3.1.5', '9.0.9', '10.2.5' ],
33 silly audit   '@react-native/community-cli-plugin': [ '0.81.5' ],
33 silly audit   '@react-native/debugger-frontend': [ '0.81.5' ],
33 silly audit   '@react-native/dev-middleware': [ '0.81.5' ],
33 silly audit   ws: [ '6.2.4', '8.21.0', '7.5.11' ],
33 silly audit   '@react-native/gradle-plugin': [ '0.81.5' ],
33 silly audit   '@react-native/js-polyfills': [ '0.81.5' ],
33 silly audit   '@react-native/normalize-colors': [ '0.81.5' ],
33 silly audit   '@sinclair/typebox': [ '0.27.10' ],
33 silly audit   '@sinonjs/commons': [ '3.0.1' ],
33 silly audit   '@sinonjs/fake-timers': [ '10.3.0' ],
33 silly audit   '@types/babel__core': [ '7.20.5' ],
33 silly audit   '@types/babel__generator': [ '7.27.0' ],
33 silly audit   '@types/babel__template': [ '7.4.4' ],
33 silly audit   '@types/babel__traverse': [ '7.28.0' ],
33 silly audit   '@types/graceful-fs': [ '4.1.9' ],
33 silly audit   '@types/istanbul-lib-coverage': [ '2.0.6' ],
33 silly audit   '@types/istanbul-lib-report': [ '3.0.3' ],
33 silly audit   '@types/istanbul-reports': [ '3.0.4' ],
33 silly audit   '@types/node': [ '25.9.1' ],
33 silly audit   '@types/react': [ '19.1.17' ],
33 silly audit   '@types/stack-utils': [ '2.0.3' ],
33 silly audit   '@types/yargs': [ '17.0.35' ],
33 silly audit   '@types/yargs-parser': [ '21.0.3' ],
33 silly audit   '@ungap/structured-clone': [ '1.3.1' ],
33 silly audit   '@urql/core': [ '5.2.0' ],
33 silly audit   '@urql/exchange-retry': [ '1.3.2' ],
33 silly audit   '@xmldom/xmldom': [ '0.8.13', '0.9.10' ],
33 silly audit   'abort-controller': [ '3.0.0' ],
33 silly audit   accepts: [ '1.3.8' ],
33 silly audit   acorn: [ '8.16.0' ],
33 silly audit   'agent-base': [ '7.1.4' ],
33 silly audit   anser: [ '1.4.10' ],
33 silly audit   'ansi-escapes': [ '4.3.2' ],
33 silly audit   'type-fest': [ '0.21.3', '0.7.1' ],
33 silly audit   'ansi-regex': [ '5.0.1', '4.1.1' ],
33 silly audit   'any-promise': [ '1.3.0' ],
33 silly audit   anymatch: [ '3.1.3' ],
33 silly audit   arg: [ '5.0.2' ],
33 silly audit   asap: [ '2.0.6' ],
33 silly audit   'async-limiter': [ '1.0.1' ],
33 silly audit   'babel-jest': [ '29.7.0' ],
33 silly audit   'babel-plugin-istanbul': [ '6.1.1' ],
33 silly audit   'babel-plugin-jest-hoist': [ '29.6.3' ],
33 silly audit   'babel-plugin-polyfill-corejs2': [ '0.4.17' ],
33 silly audit   'babel-plugin-polyfill-corejs3': [ '0.13.0' ],
33 silly audit   'babel-plugin-polyfill-regenerator': [ '0.6.8' ],
33 silly audit   'babel-plugin-react-compiler': [ '1.0.0' ],
33 silly audit   'babel-plugin-react-native-web': [ '0.21.2' ],
33 silly audit   'babel-plugin-syntax-hermes-parser': [ '0.29.1' ],
33 silly audit   'babel-plugin-transform-flow-enums': [ '0.0.2' ],
33 silly audit   'babel-preset-current-node-syntax': [ '1.2.0' ],
33 silly audit   'babel-preset-expo': [ '54.0.11' ],
33 silly audit   'babel-preset-jest': [ '29.6.3' ],
33 silly audit   'balanced-match': [ '1.0.2', '4.0.4' ],
33 silly audit   'base64-js': [ '1.5.1' ],
33 silly audit   'baseline-browser-mapping': [ '2.10.33' ],
33 silly audit   'better-opn': [ '3.0.2' ],
33 silly audit   open: [ '8.4.2', '7.4.2' ],
33 silly audit   'big-integer': [ '1.6.52' ],
33 silly audit   'bplist-creator': [ '0.1.0' ],
33 silly audit   'bplist-parser': [ '0.3.1' ],
33 silly audit   braces: [ '3.0.3' ],
33 silly audit   browserslist: [ '4.28.2' ],
33 silly audit   bser: [ '2.1.1' ],
33 silly audit   buffer: [ '5.7.1' ],
33 silly audit   'buffer-from': [ '1.1.2' ],
33 silly audit   bytes: [ '3.1.2' ],
33 silly audit   'caniuse-lite': [ '1.0.30001793' ],
33 silly audit   chownr: [ '3.0.0' ],
33 silly audit   'chrome-launcher': [ '0.15.2' ],
33 silly audit   'escape-string-regexp': [ '4.0.0', '1.0.5', '2.0.0' ],
33 silly audit   'chromium-edge-launcher': [ '0.2.0' ],
33 silly audit   'ci-info': [ '2.0.0', '3.9.0' ],
33 silly audit   'cli-cursor': [ '2.1.0' ],
33 silly audit   'cli-spinners': [ '2.9.2' ],
33 silly audit   cliui: [ '8.0.1' ],
33 silly audit   clone: [ '1.0.4' ],
33 silly audit   commander: [ '7.2.0', '12.1.0', '4.1.1', '2.20.3' ],
33 silly audit   compressible: [ '2.0.18' ],
33 silly audit   compression: [ '1.8.1' ],
33 silly audit   ms: [ '2.0.0', '2.1.3' ],
33 silly audit   negotiator: [ '0.6.4', '0.6.3' ],
33 silly audit   'concat-map': [ '0.0.1' ],
33 silly audit   connect: [ '3.7.0' ],
33 silly audit   'convert-source-map': [ '2.0.0' ],
33 silly audit   'core-js-compat': [ '3.49.0' ],
33 silly audit   'cross-spawn': [ '7.0.6' ],
33 silly audit   csstype: [ '3.2.3' ],
33 silly audit   'deep-extend': [ '0.6.0' ],
33 silly audit   deepmerge: [ '4.3.1' ],
33 silly audit   defaults: [ '1.0.4' ],
33 silly audit   'define-lazy-prop': [ '2.0.0' ],
33 silly audit   depd: [ '2.0.0' ],
33 silly audit   destroy: [ '1.2.0' ],
33 silly audit   'detect-libc': [ '2.1.2' ],
33 silly audit   dotenv: [ '16.4.7' ],
33 silly audit   'dotenv-expand': [ '11.0.7' ],
33 silly audit   'ee-first': [ '1.1.1' ],
33 silly audit   'electron-to-chromium': [ '1.5.364' ],
33 silly audit   'emoji-regex': [ '8.0.0' ],
33 silly audit   encodeurl: [ '1.0.2', '2.0.0' ],
33 silly audit   'env-editor': [ '0.4.2' ],
33 silly audit   'error-stack-parser': [ '2.1.4' ],
33 silly audit   'es-errors': [ '1.3.0' ],
33 silly audit   escalade: [ '3.2.0' ],
33 silly audit   'escape-html': [ '1.0.3' ],
33 silly audit   esprima: [ '4.0.1' ],
33 silly audit   etag: [ '1.8.1' ],
33 silly audit   'event-target-shim': [ '5.0.1' ],
33 silly audit   expo: [ '54.0.35' ],
33 silly audit   'expo-asset': [ '12.0.13' ],
33 silly audit   'expo-constants': [ '18.0.13' ],
33 silly audit   'expo-modules-autolinking': [ '3.0.26' ],
33 silly audit   'expo-modules-core': [ '3.0.30' ],
33 silly audit   'expo-server': [ '1.0.7' ],
33 silly audit   'expo-status-bar': [ '3.0.9' ],
33 silly audit   '@expo/cli': [ '54.0.25' ],
33 silly audit   '@expo/prebuild-config': [ '54.0.8' ],
33 silly audit   '@expo/metro-config': [ '54.0.16' ],
33 silly audit   '@expo/vector-icons': [ '15.1.1' ],
33 silly audit   'expo-file-system': [ '19.0.23' ],
33 silly audit   'expo-font': [ '14.0.12' ],
33 silly audit   'expo-keep-awake': [ '15.0.8' ],
33 silly audit   picomatch: [ '4.0.4', '2.3.2' ],
33 silly audit   'exponential-backoff': [ '3.1.3' ],
33 silly audit   'fast-json-stable-stringify': [ '2.1.0' ],
33 silly audit   'fb-watchman': [ '2.0.2' ],
33 silly audit   'fill-range': [ '7.1.1' ],
33 silly audit   finalhandler: [ '1.1.2' ],
33 silly audit   'find-up': [ '4.1.0' ],
33 silly audit   'flow-enums-runtime': [ '0.0.6' ],
33 silly audit   fontfaceobserver: [ '2.3.0' ],
33 silly audit   'freeport-async': [ '2.0.0' ],
33 silly audit   fresh: [ '0.5.2' ],
33 silly audit   'fs.realpath': [ '1.0.0' ],
33 silly audit   fsevents: [ '2.3.3' ],
33 silly audit   'function-bind': [ '1.1.2' ],
33 silly audit   gensync: [ '1.0.0-beta.2' ],
33 silly audit   'get-caller-file': [ '2.0.5' ],
33 silly audit   'get-package-type': [ '0.1.0' ],
33 silly audit   getenv: [ '2.0.0' ],
33 silly audit   'graceful-fs': [ '4.2.11' ],
33 silly audit   hasown: [ '2.0.4' ],
33 silly audit   'hermes-estree': [ '0.29.1', '0.32.0' ],
33 silly audit   'hermes-parser': [ '0.29.1', '0.32.0' ],
33 silly audit   'hosted-git-info': [ '7.0.2' ],
33 silly audit   'lru-cache': [ '10.4.3', '5.1.1', '11.5.1' ],
33 silly audit   'http-errors': [ '2.0.1' ],
33 silly audit   statuses: [ '2.0.2', '1.5.0' ],
33 silly audit   'https-proxy-agent': [ '7.0.6' ],
33 silly audit   ieee754: [ '1.2.1' ],
33 silly audit   ignore: [ '5.3.2' ],
33 silly audit   'image-size': [ '1.2.1' ],
33 silly audit   imurmurhash: [ '0.1.4' ],
33 silly audit   inflight: [ '1.0.6' ],
33 silly audit   inherits: [ '2.0.4' ],
33 silly audit   ini: [ '1.3.8' ],
33 silly audit   invariant: [ '2.2.4' ],
33 silly audit   'is-core-module': [ '2.16.2' ],
33 silly audit   'is-docker': [ '2.2.1' ],
33 silly audit   'is-fullwidth-code-point': [ '3.0.0' ],
33 silly audit   'is-number': [ '7.0.0' ],
33 silly audit   'is-wsl': [ '2.2.0' ],
33 silly audit   isexe: [ '2.0.0' ],
33 silly audit   'istanbul-lib-coverage': [ '3.2.2' ],
33 silly audit   'istanbul-lib-instrument': [ '5.2.1' ],
33 silly audit   'jest-environment-node': [ '29.7.0' ],
33 silly audit   'jest-get-type': [ '29.6.3' ],
33 silly audit   'jest-haste-map': [ '29.7.0' ],
33 silly audit   'jest-message-util': [ '29.7.0' ],
33 silly audit   'jest-mock': [ '29.7.0' ],
33 silly audit   'jest-regex-util': [ '29.6.3' ],
33 silly audit   'jest-util': [ '29.7.0' ],
33 silly audit   'jest-validate': [ '29.7.0' ],
33 silly audit   'jest-worker': [ '29.7.0' ],
33 silly audit   'jimp-compact': [ '0.16.1' ],
33 silly audit   'js-tokens': [ '4.0.0' ],
33 silly audit   'jsc-safe-url': [ '0.2.4' ],
33 silly audit   jsesc: [ '3.1.0' ],
33 silly audit   json5: [ '2.2.3' ],
33 silly audit   kleur: [ '3.0.3' ],
33 silly audit   'lan-network': [ '0.2.1' ],
33 silly audit   leven: [ '3.1.0' ],
33 silly audit   'lighthouse-logger': [ '1.4.2' ],
33 silly audit   lightningcss: [ '1.32.0' ],
33 silly audit   'lightningcss-android-arm64': [ '1.32.0' ],
33 silly audit   'lightningcss-darwin-arm64': [ '1.32.0' ],
33 silly audit   'lightningcss-darwin-x64': [ '1.32.0' ],
33 silly audit   'lightningcss-freebsd-x64': [ '1.32.0' ],
33 silly audit   'lightningcss-linux-arm-gnueabihf': [ '1.32.0' ],
33 silly audit   'lightningcss-linux-arm64-gnu': [ '1.32.0' ],
33 silly audit   'lightningcss-linux-arm64-musl': [ '1.32.0' ],
33 silly audit   'lightningcss-linux-x64-gnu': [ '1.32.0' ],
33 silly audit   'lightningcss-linux-x64-musl': [ '1.32.0' ],
33 silly audit   'lightningcss-win32-arm64-msvc': [ '1.32.0' ],
33 silly audit   'lightningcss-win32-x64-msvc': [ '1.32.0' ],
33 silly audit   'lines-and-columns': [ '1.2.4' ],
33 silly audit   'locate-path': [ '5.0.0' ],
33 silly audit   'lodash.debounce': [ '4.0.8' ],
33 silly audit   'lodash.throttle': [ '4.1.1' ],
33 silly audit   'log-symbols': [ '2.2.0' ],
33 silly audit   'loose-envify': [ '1.4.0' ],
33 silly audit   makeerror: [ '1.0.12' ],
33 silly audit   marky: [ '1.3.0' ],
33 silly audit   'memoize-one': [ '5.2.1' ],
33 silly audit   'merge-stream': [ '2.0.0' ],
33 silly audit   metro: [ '0.83.3' ],
33 silly audit   'metro-babel-transformer': [ '0.83.3' ],
33 silly audit   'metro-cache': [ '0.83.3' ],
33 silly audit   'metro-cache-key': [ '0.83.3' ],
33 silly audit   'metro-config': [ '0.83.3' ],
33 silly audit   'metro-core': [ '0.83.3' ],
33 silly audit   'metro-file-map': [ '0.83.3' ],
33 silly audit   'metro-minify-terser': [ '0.83.3' ],
33 silly audit   'metro-resolver': [ '0.83.3' ],
33 silly audit   'metro-runtime': [ '0.83.3' ],
33 silly audit   'metro-source-map': [ '0.83.3' ],
33 silly audit   'metro-symbolicate': [ '0.83.3' ],
33 silly audit   'metro-transform-plugins': [ '0.83.3' ],
33 silly audit   'metro-transform-worker': [ '0.83.3' ],
33 silly audit   micromatch: [ '4.0.8' ],
33 silly audit   mime: [ '1.6.0' ],
33 silly audit   'mime-db': [ '1.52.0' ],
33 silly audit   'mime-types': [ '2.1.35' ],
33 silly audit   'mimic-fn': [ '1.2.0' ],
33 silly audit   minimist: [ '1.2.8' ],
33 silly audit   minipass: [ '7.1.3' ],
33 silly audit   minizlib: [ '3.1.0' ],
33 silly audit   mkdirp: [ '1.0.4' ],
33 silly audit   mz: [ '2.7.0' ],
33 silly audit   nanoid: [ '3.3.12' ],
33 silly audit   'nested-error-stacks': [ '2.0.1' ],
33 silly audit   'node-forge': [ '1.4.0' ],
33 silly audit   'node-int64': [ '0.4.0' ],
33 silly audit   'node-releases': [ '2.0.46' ],
33 silly audit   'normalize-path': [ '3.0.0' ],
33 silly audit   'npm-package-arg': [ '11.0.3' ],
33 silly audit   nullthrows: [ '1.1.1' ],
33 silly audit   ob1: [ '0.83.3' ],
33 silly audit   'object-assign': [ '4.1.1' ],
33 silly audit   'on-finished': [ '2.3.0', '2.4.1' ],
33 silly audit   'on-headers': [ '1.1.0' ],
33 silly audit   once: [ '1.4.0' ],
33 silly audit   onetime: [ '2.0.1' ],
33 silly audit   ora: [ '3.4.0' ],
33 silly audit   'strip-ansi': [ '5.2.0', '6.0.1' ],
33 silly audit   'p-limit': [ '3.1.0', '2.3.0' ],
33 silly audit   'p-locate': [ '4.1.0' ],
33 silly audit   'p-try': [ '2.2.0' ],
33 silly audit   'parse-png': [ '2.1.0' ],
33 silly audit   parseurl: [ '1.3.3' ],
33 silly audit   'path-exists': [ '4.0.0' ],
33 silly audit   'path-is-absolute': [ '1.0.1' ],
33 silly audit   'path-key': [ '3.1.1' ],
33 silly audit   'path-parse': [ '1.0.7' ],
33 silly audit   'path-scurry': [ '2.0.2' ],
33 silly audit   picocolors: [ '1.1.1' ],
33 silly audit   pirates: [ '4.0.7' ],
33 silly audit   plist: [ '3.1.1' ],
33 silly audit   pngjs: [ '3.4.0' ],
33 silly audit   postcss: [ '8.4.49' ],
33 silly audit   'pretty-bytes': [ '5.6.0' ],
33 silly audit   'pretty-format': [ '29.7.0' ],
33 silly audit   'proc-log': [ '4.2.0' ],
33 silly audit   progress: [ '2.0.3' ],
33 silly audit   promise: [ '8.3.0' ],
33 silly audit   prompts: [ '2.4.2' ],
33 silly audit   punycode: [ '2.3.1' ],
33 silly audit   'qrcode-terminal': [ '0.11.0' ],
33 silly audit   queue: [ '6.0.2' ],
33 silly audit   'range-parser': [ '1.2.1' ],
33 silly audit   rc: [ '1.2.8' ],
33 silly audit   react: [ '19.1.0' ],
33 silly audit   'react-devtools-core': [ '6.1.5' ],
33 silly audit   'react-is': [ '18.3.1' ],
33 silly audit   'react-native': [ '0.81.5' ],
33 silly audit   'react-native-is-edge-to-edge': [ '1.3.1' ],
33 silly audit   '@react-native/virtualized-lists': [ '0.81.5' ],
33 silly audit   'react-refresh': [ '0.14.2' ],
33 silly audit   regenerate: [ '1.4.2' ],
33 silly audit   'regenerate-unicode-properties': [ '10.2.2' ],
33 silly audit   'regenerator-runtime': [ '0.13.11' ],
33 silly audit   'regexpu-core': [ '6.4.0' ],
33 silly audit   regjsgen: [ '0.8.0' ],
33 silly audit   regjsparser: [ '0.13.1' ],
33 silly audit   'require-directory': [ '2.1.1' ],
33 silly audit   'require-from-string': [ '2.0.2' ],
33 silly audit   requireg: [ '0.2.2' ],
33 silly audit   resolve: [ '1.7.1', '1.22.12' ],
33 silly audit   'resolve-from': [ '5.0.0' ],
33 silly audit   'resolve-workspace-root': [ '2.0.1' ],
33 silly audit   'resolve.exports': [ '2.0.3' ],
33 silly audit   'restore-cursor': [ '2.0.0' ],
33 silly audit   rimraf: [ '3.0.2' ],
33 silly audit   'safe-buffer': [ '5.2.1' ],
33 silly audit   sax: [ '1.6.0' ],
33 silly audit   scheduler: [ '0.26.0' ],
33 silly audit   send: [ '0.19.2' ],
33 silly audit   'serialize-error': [ '2.1.0' ],
33 silly audit   'serve-static': [ '1.16.3' ],
33 silly audit   setprototypeof: [ '1.2.0' ],
33 silly audit   'shebang-command': [ '2.0.0' ],
33 silly audit   'shebang-regex': [ '3.0.0' ],
33 silly audit   'shell-quote': [ '1.8.4' ],
33 silly audit   'signal-exit': [ '3.0.7' ],
33 silly audit   'simple-plist': [ '1.3.1' ],
33 silly audit   sisteransi: [ '1.0.5' ],
33 silly audit   slash: [ '3.0.0' ],
33 silly audit   slugify: [ '1.6.9' ],
33 silly audit   'source-map': [ '0.5.7', '0.6.1' ],
33 silly audit   'source-map-js': [ '1.2.1' ],
33 silly audit   'source-map-support': [ '0.5.21' ],
33 silly audit   'sprintf-js': [ '1.0.3' ],
33 silly audit   'stack-utils': [ '2.0.6' ],
33 silly audit   stackframe: [ '1.3.4' ],
33 silly audit   'stacktrace-parser': [ '0.1.11' ],
33 silly audit   'stream-buffers': [ '2.2.0' ],
33 silly audit   'string-width': [ '4.2.3' ],
33 silly audit   'strip-json-comments': [ '2.0.1' ],
33 silly audit   'structured-headers': [ '0.4.1' ],
33 silly audit   sucrase: [ '3.35.1' ],
33 silly audit   'supports-hyperlinks': [ '2.3.0' ],
33 silly audit   'supports-preserve-symlinks-flag': [ '1.0.0' ],
33 silly audit   tar: [ '7.5.15' ],
33 silly audit   yallist: [ '5.0.0', '3.1.1' ],
33 silly audit   'terminal-link': [ '2.1.1' ],
33 silly audit   terser: [ '5.48.0' ],
33 silly audit   'test-exclude': [ '6.0.0' ],
33 silly audit   thenify: [ '3.3.1' ],
33 silly audit   'thenify-all': [ '1.6.0' ],
33 silly audit   throat: [ '5.0.0' ],
33 silly audit   tinyglobby: [ '0.2.17' ],
33 silly audit   fdir: [ '6.5.0' ],
33 silly audit   tmpl: [ '1.0.5' ],
33 silly audit   'to-regex-range': [ '5.0.1' ],
33 silly audit   toidentifier: [ '1.0.1' ],
33 silly audit   'ts-interface-checker': [ '0.1.13' ],
33 silly audit   'type-detect': [ '4.0.8' ],
33 silly audit   typescript: [ '5.9.3' ],
33 silly audit   undici: [ '6.26.0' ],
33 silly audit   'undici-types': [ '7.24.6' ],
33 silly audit   'unicode-canonical-property-names-ecmascript': [ '2.0.1' ],
33 silly audit   'unicode-match-property-ecmascript': [ '2.0.0' ],
33 silly audit   'unicode-match-property-value-ecmascript': [ '2.2.1' ],
33 silly audit   'unicode-property-aliases-ecmascript': [ '2.2.0' ],
33 silly audit   unpipe: [ '1.0.0' ],
33 silly audit   'update-browserslist-db': [ '1.2.3' ],
33 silly audit   'utils-merge': [ '1.0.1' ],
33 silly audit   uuid: [ '7.0.3' ],
33 silly audit   'validate-npm-package-name': [ '5.0.1' ],
33 silly audit   vary: [ '1.1.2' ],
33 silly audit   vlq: [ '1.0.1' ],
33 silly audit   walker: [ '1.0.8' ],
33 silly audit   wcwidth: [ '1.0.1' ],
33 silly audit   'webidl-conversions': [ '5.0.0' ],
33 silly audit   'whatwg-fetch': [ '3.6.20' ],
33 silly audit   'whatwg-url-without-unicode': [ '8.0.0-3' ],
33 silly audit   which: [ '2.0.2' ],
33 silly audit   wonka: [ '6.3.6' ],
33 silly audit   'wrap-ansi': [ '7.0.0' ],
33 silly audit   wrappy: [ '1.0.2' ],
33 silly audit   'write-file-atomic': [ '4.0.2' ],
33 silly audit   xcode: [ '3.0.1' ],
33 silly audit   xml2js: [ '0.6.0' ],
33 silly audit   xmlbuilder: [ '11.0.1', '15.1.1' ],
33 silly audit   y18n: [ '5.0.8' ],
33 silly audit   yaml: [ '2.9.0' ],
33 silly audit   yargs: [ '17.7.2' ],
33 silly audit   'yargs-parser': [ '21.1.1' ],
33 silly audit   'yocto-queue': [ '0.1.0' ]
33 silly audit }
34 verbose reify failed optional dependency /Users/nikitabushuev/WebstormProjects/ReactNativeDebtor/node_modules/lightningcss-win32-x64-msvc
35 silly reify mark deleted [
35 silly reify   '/Users/nikitabushuev/WebstormProjects/ReactNativeDebtor/node_modules/lightningcss-win32-x64-msvc'
35 silly reify ]
36 verbose reify failed optional dependency /Users/nikitabushuev/WebstormProjects/ReactNativeDebtor/node_modules/lightningcss-win32-arm64-msvc
37 silly reify mark deleted [
37 silly reify   '/Users/nikitabushuev/WebstormProjects/ReactNativeDebtor/node_modules/lightningcss-win32-arm64-msvc'
37 silly reify ]
38 verbose reify failed optional dependency /Users/nikitabushuev/WebstormProjects/ReactNativeDebtor/node_modules/lightningcss-linux-x64-musl
39 silly reify mark deleted [
39 silly reify   '/Users/nikitabushuev/WebstormProjects/ReactNativeDebtor/node_modules/lightningcss-linux-x64-musl'
39 silly reify ]
40 verbose reify failed optional dependency /Users/nikitabushuev/WebstormProjects/ReactNativeDebtor/node_modules/lightningcss-linux-x64-gnu
41 silly reify mark deleted [
41 silly reify   '/Users/nikitabushuev/WebstormProjects/ReactNativeDebtor/node_modules/lightningcss-linux-x64-gnu'
41 silly reify ]
42 verbose reify failed optional dependency /Users/nikitabushuev/WebstormProjects/ReactNativeDebtor/node_modules/lightningcss-linux-arm64-musl
43 silly reify mark deleted [
43 silly reify   '/Users/nikitabushuev/WebstormProjects/ReactNativeDebtor/node_modules/lightningcss-linux-arm64-musl'
43 silly reify ]
44 verbose reify failed optional dependency /Users/nikitabushuev/WebstormProjects/ReactNativeDebtor/node_modules/lightningcss-linux-arm64-gnu
45 silly reify mark deleted [
45 silly reify   '/Users/nikitabushuev/WebstormProjects/ReactNativeDebtor/node_modules/lightningcss-linux-arm64-gnu'
45 silly reify ]
46 verbose reify failed optional dependency /Users/nikitabushuev/WebstormProjects/ReactNativeDebtor/node_modules/lightningcss-linux-arm-gnueabihf
47 silly reify mark deleted [
47 silly reify   '/Users/nikitabushuev/WebstormProjects/ReactNativeDebtor/node_modules/lightningcss-linux-arm-gnueabihf'
47 silly reify ]
48 verbose reify failed optional dependency /Users/nikitabushuev/WebstormProjects/ReactNativeDebtor/node_modules/lightningcss-freebsd-x64
49 silly reify mark deleted [
49 silly reify   '/Users/nikitabushuev/WebstormProjects/ReactNativeDebtor/node_modules/lightningcss-freebsd-x64'
49 silly reify ]
50 verbose reify failed optional dependency /Users/nikitabushuev/WebstormProjects/ReactNativeDebtor/node_modules/lightningcss-darwin-arm64
51 silly reify mark deleted [
51 silly reify   '/Users/nikitabushuev/WebstormProjects/ReactNativeDebtor/node_modules/lightningcss-darwin-arm64'
51 silly reify ]
52 verbose reify failed optional dependency /Users/nikitabushuev/WebstormProjects/ReactNativeDebtor/node_modules/lightningcss-android-arm64
53 silly reify mark deleted [
53 silly reify   '/Users/nikitabushuev/WebstormProjects/ReactNativeDebtor/node_modules/lightningcss-android-arm64'
53 silly reify ]
54 silly tarball no local data for @react-native/virtualized-lists@https://registry.npmjs.org/@react-native/virtualized-lists/-/virtualized-lists-0.81.5.tgz. Extracting by manifest.
55 http fetch POST 200 https://registry.npmjs.org/-/npm/v1/security/advisories/bulk 274ms
56 silly audit report {
56 silly audit report   postcss: [
56 silly audit report     {
56 silly audit report       id: 1117015,
56 silly audit report       url: 'https://github.com/advisories/GHSA-qx2v-qp2m-jg93',
56 silly audit report       title: 'PostCSS has XSS via Unescaped </style> in its CSS Stringify Output',
56 silly audit report       severity: 'moderate',
56 silly audit report       vulnerable_versions: '<8.5.10',
56 silly audit report       cwe: [Array],
56 silly audit report       cvss: [Object]
56 silly audit report     }
56 silly audit report   ],
56 silly audit report   uuid: [
56 silly audit report     {
56 silly audit report       id: 1119441,
56 silly audit report       url: 'https://github.com/advisories/GHSA-w5hq-g745-h8pq',
56 silly audit report       title: 'uuid: Missing buffer bounds check in v3/v5/v6 when buf is provided',
56 silly audit report       severity: 'moderate',
56 silly audit report       vulnerable_versions: '<11.1.1',
56 silly audit report       cwe: [Array],
56 silly audit report       cvss: [Object]
56 silly audit report     }
56 silly audit report   ]
56 silly audit report }
57 silly packumentCache corgi:https://registry.npmjs.org/postcss cache-miss
58 silly packumentCache corgi:https://registry.npmjs.org/uuid cache-miss
59 http fetch GET 200 https://registry.npmjs.org/postcss 21ms (cache hit)
60 silly packumentCache corgi:https://registry.npmjs.org/postcss set size:344717 disposed:false
61 http fetch GET 200 https://registry.npmjs.org/uuid 28ms (cache hit)
62 silly packumentCache corgi:https://registry.npmjs.org/uuid set size:81812 disposed:false
63 silly packumentCache corgi:https://registry.npmjs.org/@expo%2fmetro-config cache-miss
64 http fetch GET 200 https://registry.npmjs.org/@expo%2fmetro-config 17ms (cache hit)
65 silly packumentCache corgi:https://registry.npmjs.org/@expo%2fmetro-config set size:579390 disposed:false
66 silly packumentCache corgi:https://registry.npmjs.org/xcode cache-miss
67 http fetch GET 200 https://registry.npmjs.org/xcode 19ms (cache hit)
68 silly packumentCache corgi:https://registry.npmjs.org/xcode set size:1850340 disposed:false
69 silly packumentCache corgi:https://registry.npmjs.org/expo cache-miss
70 silly packumentCache corgi:https://registry.npmjs.org/@expo%2fcli cache-miss
71 http fetch GET 200 https://registry.npmjs.org/expo 33ms (cache hit)
72 silly packumentCache corgi:https://registry.npmjs.org/expo set size:1759675 disposed:false
73 http fetch GET 200 https://registry.npmjs.org/@expo%2fcli 69ms (cache hit)
74 silly packumentCache corgi:https://registry.npmjs.org/@expo%2fcli set size:1629723 disposed:false
75 silly packumentCache corgi:https://registry.npmjs.org/@expo%2fconfig-plugins cache-miss
76 http fetch GET 200 https://registry.npmjs.org/@react-native/virtualized-lists/-/virtualized-lists-0.81.5.tgz 501ms (cache miss)
77 http fetch GET 200 https://registry.npmjs.org/@expo%2fconfig-plugins 374ms (cache hit)
78 silly packumentCache corgi:https://registry.npmjs.org/@expo%2fconfig-plugins set size:411871 disposed:false
79 silly packumentCache corgi:https://registry.npmjs.org/babel-preset-expo cache-miss
80 silly packumentCache corgi:https://registry.npmjs.org/expo-asset cache-miss
81 silly packumentCache corgi:https://registry.npmjs.org/expo-constants cache-miss
82 silly packumentCache corgi:https://registry.npmjs.org/@expo%2fprebuild-config cache-miss
83 silly packumentCache corgi:https://registry.npmjs.org/expo-file-system cache-miss
84 silly packumentCache corgi:https://registry.npmjs.org/expo-font cache-miss
85 silly packumentCache corgi:https://registry.npmjs.org/expo-keep-awake cache-miss
86 http fetch GET 200 https://registry.npmjs.org/expo-asset 270ms (cache hit)
87 silly packumentCache corgi:https://registry.npmjs.org/expo-asset set size:303185 disposed:false
88 http fetch GET 200 https://registry.npmjs.org/@expo%2fprebuild-config 274ms (cache hit)
89 silly packumentCache corgi:https://registry.npmjs.org/@expo%2fprebuild-config set size:380560 disposed:false
90 http fetch GET 200 https://registry.npmjs.org/expo-constants 280ms (cache hit)
91 silly packumentCache corgi:https://registry.npmjs.org/expo-constants set size:288863 disposed:false
92 http fetch GET 200 https://registry.npmjs.org/babel-preset-expo 287ms (cache hit)
93 silly packumentCache corgi:https://registry.npmjs.org/babel-preset-expo set size:539150 disposed:false
94 http fetch GET 200 https://registry.npmjs.org/expo-keep-awake 289ms (cache hit)
95 silly packumentCache corgi:https://registry.npmjs.org/expo-keep-awake set size:189196 disposed:false
96 http fetch GET 200 https://registry.npmjs.org/expo-file-system 295ms (cache hit)
97 silly packumentCache corgi:https://registry.npmjs.org/expo-file-system set size:290446 disposed:false
98 http fetch GET 200 https://registry.npmjs.org/expo-font 301ms (cache hit)
99 silly packumentCache corgi:https://registry.npmjs.org/expo-font set size:240224 disposed:false
100 silly packumentCache corgi:https://registry.npmjs.org/@expo%2fconfig cache-miss
101 http fetch GET 200 https://registry.npmjs.org/@expo%2fconfig 22ms (cache hit)
102 silly packumentCache corgi:https://registry.npmjs.org/@expo%2fconfig set size:541492 disposed:false
103 silly ADD node_modules/@react-native/virtualized-lists
104 silly ADD
105 silly ADD
106 silly ADD
107 silly ADD
108 silly ADD
109 silly ADD
110 silly ADD
111 silly ADD
112 silly ADD
113 silly ADD
114 silly REMOVE node_modules/react-native/node_modules/@react-native/virtualized-lists
115 verbose cwd /Users/nikitabushuev/WebstormProjects/ReactNativeDebtor
116 verbose os Darwin 24.6.0
117 verbose node v20.19.4
118 verbose npm  v10.8.2
119 verbose exit 0
120 info ok
